2018-06-22T07:44:57 Checking update-file '/usr/share/kde4/apps/kconf_update/kioslave.upd' for new updates
2018-06-22T07:44:57 kioslave.upd: Found new update 'kde2.2/r1'
2018-06-22T07:44:57 kioslave.upd: File 'kioslaverc' does not exist or empty, skipping
2018-06-22T07:44:57 kioslave.upd: Skipping update 'kde2.2/r1'
2018-06-22T07:44:57 kioslave.upd: File 'kioslaverc' does not exist or empty, skipping
2018-06-22T07:44:57 kioslave.upd: Found new update 'kde2.2/r2'
2018-06-22T07:44:57 kioslave.upd: File 'kioslaverc' does not exist or empty, skipping
2018-06-22T07:44:57 kioslave.upd: Found new update 'kde2.2/r3'
2018-06-22T07:44:57 kioslave.upd: File 'kioslaverc' does not exist or empty, skipping
2018-06-22T07:44:57 Checking update-file '/usr/share/kde4/apps/kconf_update/kcookiescfg.upd' for new updates
2018-06-22T07:44:57 kcookiescfg.upd: Found new update 'kde2.2/b1'
2018-06-22T07:44:57 kcookiescfg.upd: File 'kcookiejarrc' does not exist or empty, skipping
2018-06-22T07:44:57 kcookiescfg.upd: Found new update 'kde3.1/cvs'
2018-06-22T07:44:57 kcookiescfg.upd: File 'kcookiejarrc' does not exist or empty, skipping
2018-06-22T07:44:57 kcookiescfg.upd: Found new update 'kde4.10/git'
2018-06-22T07:44:57 kcookiescfg.upd: File 'kcookiejarrc' does not exist or empty, skipping
2018-06-22T07:44:57 Checking update-file '/usr/share/kde4/apps/kconf_update/devicepreference.upd' for new updates
2018-06-22T07:44:57 devicepreference.upd: Found new update 'DevicesMovedToPlatformPlugin'
2018-06-22T07:44:57 devicepreference.upd: Running script 'phonon_devicepreference_update'
2018-06-22T07:44:57 devicepreference.upd: Found new update 'DevicesUIDsChanged'
2018-06-22T07:44:57 devicepreference.upd: Running script 'phonon_deviceuids_update'
2018-06-22T07:44:57 Checking update-file '/usr/share/kde4/apps/kconf_update/kwallet-4.13.upd' for new updates
2018-06-22T07:44:57 kwallet-4.13.upd: Found new update 'kde4.13'
2018-06-22T07:44:57 Checking update-file '/usr/share/kde4/apps/kconf_update/amarok.upd' for new updates
2018-06-22T07:44:57 amarok.upd: Found new update '1'
2018-06-22T07:44:57 amarok.upd: File 'amarokrc' does not exist or empty, skipping
2018-06-22T07:44:57 Checking update-file '/usr/share/kde4/apps/kconf_update/kded.upd' for new updates
2018-06-22T07:44:57 kded.upd: Found new update 'kde3.0'
2018-06-22T07:44:57 kded.upd: File 'kdedrc' does not exist or empty, skipping
2018-06-22T07:44:57 Checking update-file '/usr/share/kde4/apps/kconf_update/ksslcertificatemanager.upd' for new updates
2018-06-22T07:44:57 ksslcertificatemanager.upd: Found new update 'kde4.2'
2018-06-22T07:44:57 ksslcertificatemanager.upd: Running script 'ksslcertificatemanager.upd.sh'
2018-06-22T07:44:57 [Script] rm: cannot remove '/home/bradyn/.kde//share/config/ksslcertificatemanager': No such file or directory
2018-06-22T07:44:57 ksslcertificatemanager.upd: !! An error occurred while running 'sh /usr/share/kde4/apps/kconf_update/ksslcertificatemanager.upd.sh'
2018-06-22T07:44:57 Checking update-file '/usr/share/kde4/apps/kconf_update/kio_help.upd' for new updates
2018-06-22T07:44:57 kio_help.upd: Found new update 'kde3_2'
2018-06-22T07:44:57 kio_help.upd: Running script 'move_kio_help_cache.sh'
2018-06-22T07:44:57 [Script] mv: cannot stat '/home/bradyn/.kde/share/apps/kio_help/cache': No such file or directory
2018-06-22T07:44:57 [Script] rmdir: failed to remove '/home/bradyn/.kde/share/apps/kio_help': No such file or directory
2018-06-22T07:44:57 Checking update-file '/usr/share/kde4/apps/kconf_update/kuriikwsfilter.upd' for new updates
2018-06-22T07:44:57 kuriikwsfilter.upd: Found new update 'post-kde3.1/cvs'
2018-06-22T07:44:57 kuriikwsfilter.upd: File 'kuriikwsfilterrc' does not exist or empty, skipping
2018-06-22T07:44:57 kuriikwsfilter.upd: Found new update 'pre-kde4.9'
2018-06-22T07:44:57 kuriikwsfilter.upd: File 'kuriikwsfilterrc' does not exist or empty, skipping
