
Selecting FBConfig
GLX_FBCONFIG_ID=380
GLX_BUFFER_SIZE=32
GLX_DOUBLEBUFFER=1
GLX_RED_SIZE=8
GLX_GREEN_SIZE=8
GLX_BLUE_SIZE=8
GLX_ALPHA_SIZE=8
GLX_DEPTH_SIZE=24
GLX_STENCIL_SIZE=8
GLX_SAMPLES_ARB=0
GLX_SAMPLE_BUFFERS_ARB=0
GLX_STEREO=0
GLX_CONFIG_CAVEAT=NONE

Desktop is 2560 x 1080 @ 60 Hz
Initialize engine version: 5.4.3f1 (01f4c123905a)
GfxDevice: creating device client; threaded=1
GLX Extensions: GLX_ARB_create_context GLX_ARB_create_context_profile GLX_ARB_create_context_robustness GLX_ARB_fbconfig_float GLX_ARB_framebuffer_sRGB GLX_ARB_get_proc_address GLX_ARB_multisample GLX_EXT_buffer_age GLX_EXT_create_context_es2_profile GLX_EXT_create_context_es_profile GLX_EXT_fbconfig_packed_float GLX_EXT_framebuffer_sRGB GLX_EXT_import_context GLX_EXT_texture_from_pixmap GLX_EXT_visual_info GLX_EXT_visual_rating GLX_INTEL_swap_event GLX_MESA_copy_sub_buffer GLX_MESA_multithread_makecurrent GLX_MESA_query_renderer GLX_MESA_swap_control GLX_OML_swap_method GLX_OML_sync_control GLX_SGIS_multisample GLX_SGIX_fbconfig GLX_SGIX_pbuffer GLX_SGIX_visual_select_group GLX_SGI_make_current_read GLX_SGI_swap_control GLX_SGI_video_sync 
Setting maxVSyncInterval to 4
Renderer: AMD Radeon (TM) RX 480 Graphics (POLARIS10 / DRM 3.23.0 / 4.15.15-1-ARCH, LLVM 5.0.1)
Vendor:   X.Org
Version:  4.5 (Core Profile) Mesa 18.1.0-devel (git-7728720f07)
GLES:     0
 GL_AMD_conservative_depth GL_AMD_draw_buffers_blend GL_AMD_performance_monitor GL_AMD_pinned_memory GL_AMD_seamless_cubemap_per_texture GL_AMD_shader_stencil_export GL_AMD_shader_trinary_minmax GL_AMD_vertex_shader_layer GL_AMD_vertex_shader_viewport_index GL_ANGLE_texture_compression_dxt3 GL_ANGLE_texture_compression_dxt5 GL_ARB_ES2_compatibility GL_ARB_ES3_1_compatibility GL_ARB_ES3_2_compatibility GL_ARB_ES3_compatibility GL_ARB_arrays_of_arrays GL_ARB_base_instance GL_ARB_bindless_texture GL_ARB_blend_func_extended GL_ARB_buffer_storage GL_ARB_clear_buffer_object GL_ARB_clear_texture GL_ARB_clip_control GL_ARB_color_buffer_float GL_ARB_compressed_texture_pixel_storage GL_ARB_compute_shader GL_ARB_compute_variable_group_size GL_ARB_conditional_render_inverted GL_ARB_conservative_depth GL_ARB_copy_buffer GL_ARB_copy_image GL_ARB_cull_distance GL_ARB_debug_output GL_ARB_depth_buffer_float GL_ARB_depth_clamp GL_ARB_derivative_control GL_ARB_direct_state_access GL_ARB_draw_buffers GL_ARB_draw_buffers_blend G
L_ARB_draw_elements_base_vertex GL_ARB_draw_indirect GL_ARB_draw_instanced GL_ARB_enhanced_layouts GL_ARB_explicit_attrib_location GL_ARB_explicit_uniform_location GL_ARB_fragment_coord_conventions GL_ARB_fragment_layer_viewport GL_ARB_fragment_shader GL_ARB_framebuffer_no_attachments GL_ARB_framebuffer_object GL_ARB_framebuffer_sRGB GL_ARB_get_program_binary GL_ARB_get_texture_sub_image GL_ARB_gpu_shader5 GL_ARB_gpu_shader_fp64 GL_ARB_gpu_shader_int64 GL_ARB_half_float_pixel GL_ARB_half_float_vertex GL_ARB_indirect_parameters GL_ARB_instanced_arrays GL_ARB_internalformat_query GL_ARB_internalformat_query2 GL_ARB_invalidate_subdata GL_ARB_map_buffer_alignment GL_ARB_map_buffer_range GL_ARB_multi_bind GL_ARB_multi_draw_indirect GL_ARB_occlusion_query2 GL_ARB_pipeline_statistics_query GL_ARB_pixel_buffer_object GL_ARB_point_sprite GL_ARB_polygon_offset_clamp GL_ARB_program_interface_query GL_ARB_provoking_vertex GL_ARB_query_buffer_object GL_ARB_robust_buffer_access_behavior GL_ARB_robustness GL_ARB_sample_sha
ding GL_ARB_sampler_objects GL_ARB_seamless_cube_map GL_ARB_seamless_cubemap_per_texture GL_ARB_separate_shader_objects GL_ARB_shader_atomic_counter_ops GL_ARB_shader_atomic_counters GL_ARB_shader_ballot GL_ARB_shader_bit_encoding GL_ARB_shader_clock GL_ARB_shader_draw_parameters GL_ARB_shader_group_vote GL_ARB_shader_image_load_store GL_ARB_shader_image_size GL_ARB_shader_objects GL_ARB_shader_precision GL_ARB_shader_stencil_export GL_ARB_shader_storage_buffer_object GL_ARB_shader_subroutine GL_ARB_shader_texture_image_samples GL_ARB_shader_texture_lod GL_ARB_shader_viewport_layer_array GL_ARB_shading_language_420pack GL_ARB_shading_language_packing GL_ARB_sparse_buffer GL_ARB_stencil_texturing GL_ARB_sync GL_ARB_tessellation_shader GL_ARB_texture_barrier GL_ARB_texture_buffer_object GL_ARB_texture_buffer_object_rgb32 GL_ARB_texture_buffer_range GL_ARB_texture_compression_bptc GL_ARB_texture_compression_rgtc GL_ARB_texture_cube_map_array GL_ARB_texture_filter_anisotropic GL_ARB_texture_float GL_ARB_texture_
gather GL_ARB_texture_mirror_clamp_to_edge GL_ARB_texture_multisample GL_ARB_texture_non_power_of_two GL_ARB_texture_query_levels GL_ARB_texture_query_lod GL_ARB_texture_rectangle GL_ARB_texture_rg GL_ARB_texture_rgb10_a2ui GL_ARB_texture_stencil8 GL_ARB_texture_storage GL_ARB_texture_storage_multisample GL_ARB_texture_swizzle GL_ARB_texture_view GL_ARB_timer_query GL_ARB_transform_feedback2 GL_ARB_transform_feedback3 GL_ARB_transform_feedback_instanced GL_ARB_transform_feedback_overflow_query GL_ARB_uniform_buffer_object GL_ARB_vertex_array_bgra GL_ARB_vertex_array_object GL_ARB_vertex_attrib_64bit GL_ARB_vertex_attrib_binding GL_ARB_vertex_shader GL_ARB_vertex_type_10f_11f_11f_rev GL_ARB_vertex_type_2_10_10_10_rev GL_ARB_viewport_array GL_ATI_blend_equation_separate GL_ATI_meminfo GL_ATI_texture_float GL_ATI_texture_mirror_once GL_EXT_abgr GL_EXT_blend_equation_separate GL_EXT_depth_bounds_test GL_EXT_draw_buffers2 GL_EXT_draw_instanced GL_EXT_framebuffer_blit GL_EXT_framebuffer_multisample GL_EXT_framebuf
fer_multisample_blit_scaled GL_EXT_framebuffer_sRGB GL_EXT_memory_object GL_EXT_memory_object_fd GL_EXT_packed_depth_stencil GL_EXT_packed_float GL_EXT_pixel_buffer_object GL_EXT_polygon_offset_clamp GL_EXT_provoking_vertex GL_EXT_semaphore GL_EXT_semaphore_fd GL_EXT_shader_integer_mix GL_EXT_texture_array GL_EXT_texture_compression_dxt1 GL_EXT_texture_compression_rgtc GL_EXT_texture_compression_s3tc GL_EXT_texture_filter_anisotropic GL_EXT_texture_integer GL_EXT_texture_mirror_clamp GL_EXT_texture_sRGB GL_EXT_texture_sRGB_decode GL_EXT_texture_shared_exponent GL_EXT_texture_snorm GL_EXT_texture_swizzle GL_EXT_timer_query GL_EXT_transform_feedback GL_EXT_vertex_array_bgra GL_IBM_multimode_draw_arrays GL_KHR_blend_equation_advanced GL_KHR_context_flush_control GL_KHR_debug GL_KHR_no_error GL_KHR_robust_buffer_access_behavior GL_KHR_robustness GL_MESA_pack_invert GL_MESA_shader_integer_functions GL_MESA_texture_signed_rgba GL_NVX_gpu_memory_info GL_NV_conditional_render GL_NV_depth_clamp GL_NV_packed_depth_ste
ncil GL_NV_texture_barrier GL_NV_vdpau_interop GL_OES_EGL_image GL_S3_s3tc
OPENGL LOG: Creating OpenGL 4.5 graphics device ; Context level  <OpenGL 4.5> ; Context handle 66009648
AudioManager: Using PulseAudio: Default Output Device
Begin MonoManager ReloadAssembly
Platform assembly: /home/bradyn/Games/Hollow Knight/game/hollow_knight_Data/Managed/UnityEngine.dll (this message is harmless)
Loading /home/bradyn/Games/Hollow Knight/game/hollow_knight_Data/Managed/UnityEngine.dll into Unity Child Domain
Platform assembly: /home/bradyn/Games/Hollow Knight/game/hollow_knight_Data/Managed/Assembly-CSharp-firstpass.dll (this message is harmless)
Loading /home/bradyn/Games/Hollow Knight/game/hollow_knight_Data/Managed/Assembly-CSharp-firstpass.dll into Unity Child Domain
Platform assembly: /home/bradyn/Games/Hollow Knight/game/hollow_knight_Data/Managed/Assembly-CSharp.dll (this message is harmless)
Loading /home/bradyn/Games/Hollow Knight/game/hollow_knight_Data/Managed/Assembly-CSharp.dll into Unity Child Domain
Platform assembly: /home/bradyn/Games/Hollow Knight/game/hollow_knight_Data/Managed/UnityEngine.UI.dll (this message is harmless)
Loading /home/bradyn/Games/Hollow Knight/game/hollow_knight_Data/Managed/UnityEngine.UI.dll into Unity Child Domain
Platform assembly: /home/bradyn/Games/Hollow Knight/game/hollow_knight_Data/Managed/UnityEngine.Networking.dll (this message is harmless)
Loading /home/bradyn/Games/Hollow Knight/game/hollow_knight_Data/Managed/UnityEngine.Networking.dll into Unity Child Domain
Platform assembly: /home/bradyn/Games/Hollow Knight/game/hollow_knight_Data/Managed/zlib.net.dll (this message is harmless)
Loading /home/bradyn/Games/Hollow Knight/game/hollow_knight_Data/Managed/zlib.net.dll into Unity Child Domain
Platform assembly: /home/bradyn/Games/Hollow Knight/game/hollow_knight_Data/Managed/ConditionalExpression.dll (this message is harmless)
Loading /home/bradyn/Games/Hollow Knight/game/hollow_knight_Data/Managed/ConditionalExpression.dll into Unity Child Domain
Platform assembly: /home/bradyn/Games/Hollow Knight/game/hollow_knight_Data/Managed/PlayMaker.dll (this message is harmless)
Loading /home/bradyn/Games/Hollow Knight/game/hollow_knight_Data/Managed/PlayMaker.dll into Unity Child Domain
- Completed reload, in  0.033 seconds
Platform assembly: /home/bradyn/Games/Hollow Knight/game/hollow_knight_Data/Managed/System.Core.dll (this message is harmless)
Platform assembly: /home/bradyn/Games/Hollow Knight/game/hollow_knight_Data/Managed/System.dll (this message is harmless)
OnLevelWasLoaded was found on GameMap
This message has been deprecated and will be removed in a later version of Unity.
Add a delegate to SceneManager.sceneLoaded instead to get notifications after scene loading has completed
 
(Filename:  Line: 375)

OnLevelWasLoaded was found on PlayMakerUnity2d
This message has been deprecated and will be removed in a later version of Unity.
Add a delegate to SceneManager.sceneLoaded instead to get notifications after scene loading has completed
 
(Filename:  Line: 375)

Default vsync count 1
requesting resize 2560 x 1080
Using native desktop resolution 2560 x 1080
requesting fullscreen 2560 x 1080 at 0 Hz
Desktop is 2560 x 1080 @ 60 Hz
Using libudev for joystick management


Importing game controller configs
Found /dev/input/event22
Mapping raw axis 0 to 0
Mapping raw axis 1 to 1
Mapping raw axis 2 to 2
Mapping raw axis 3 to 3
Mapping raw axis 4 to 4
Mapping raw axis 5 to 5
Microsoft X-Box 360 pad: Mapping b0.0 to b0
Microsoft X-Box 360 pad: Mapping b1.0 to b1
Microsoft X-Box 360 pad: Mapping b6.0 to b6
Microsoft X-Box 360 pad: Mapping h0.4 to a7
Microsoft X-Box 360 pad: Mapping h0.8 to a6
Microsoft X-Box 360 pad: Mapping h0.2 to a6
Microsoft X-Box 360 pad: Mapping h0.1 to a7
Microsoft X-Box 360 pad: Mapping b8.0 to b8
Microsoft X-Box 360 pad: Mapping b4.0 to b4
Microsoft X-Box 360 pad: Mapping b9.0 to b9
Microsoft X-Box 360 pad: Mapping a2.0 to a2
Microsoft X-Box 360 pad: Mapping a0.0 to a0
Microsoft X-Box 360 pad: Mapping a1.0 to a1
Microsoft X-Box 360 pad: Mapping b5.0 to b5
Microsoft X-Box 360 pad: Mapping b10.0 to b10
Microsoft X-Box 360 pad: Mapping a5.0 to a5
Microsoft X-Box 360 pad: Mapping a3.0 to a3
Microsoft X-Box 360 pad: Mapping a4.0 to a4
Microsoft X-Box 360 pad: Mapping b7.0 to b7
Microsoft X-Box 360 pad: Mapping b2.0 to b2
Microsoft X-Box 360 pad: Mapping b3.0 to b3
Assigning joystick 1
UnloadTime: 0.819000 ms
Changing real window size to 2560 x 1080
Changing real window size to 2560 x 1080
Unloading 5 Unused Serialized files (Serialized files now loaded: 0)
Platform assembly: /home/bradyn/Games/Hollow Knight/game/hollow_knight_Data/Managed/System.Xml.dll (this message is harmless)

Unloading 44 unused Assets to reduce memory usage. Loaded Objects now: 2692.
Total: 1.301000 ms (FindLiveObjects: 0.143000 ms CreateObjectMapping: 0.040000 ms MarkObjects: 1.081000 ms  DeleteObjects: 0.037000 ms)

Unloading 5 Unused Serialized files (Serialized files now loaded: 0)
UnloadTime: 5.771000 ms
NullReferenceException: Object reference not set to an instance of an object
  at HUDCamera.OnEnable () [0x00000] in <filename unknown>:0 
 
(Filename:  Line: -1)

DontDestroyOnLoad only work for root GameObjects or components on root GameObjects.
 
(Filename:  Line: 386)

NullReferenceException: Object reference not set to an instance of an object
  at UIButtonSkins.GetButtonSkinFor (HeroActionButton actionButton) [0x00000] in <filename unknown>:0 
  at ActionButtonIcon.GetButtonIcon (HeroActionButton actionButton) [0x00000] in <filename unknown>:0 
  at ActionButtonIcon.RefreshButtonIcon () [0x00000] in <filename unknown>:0 
  at ActionButtonIcon.OnEnable () [0x00000] in <filename unknown>:0 
 
(Filename:  Line: -1)

FSM not Preprocessed: Geo Sprite : Geo Sprite
 
(Filename: /home/builduser/buildslave/unity/build/artifacts/generated/common/runtime/UnityEngineDebugBindings.gen.cpp Line: 42)

AddEventHandlerComponent: PlayMakerFixedUpdate
 
(Filename: /home/builduser/buildslave/unity/build/artifacts/generated/common/runtime/UnityEngineDebugBindings.gen.cpp Line: 42)

FSM not Preprocessed: Charms : UI Charms
 
(Filename: /home/builduser/buildslave/unity/build/artifacts/generated/common/runtime/UnityEngineDebugBindings.gen.cpp Line: 42)

Using default heap size setting
 
(Filename: /home/builduser/buildslave/unity/build/artifacts/generated/common/runtime/UnityEngineDebugBindings.gen.cpp Line: 42)


Unloading 53 unused Assets to reduce memory usage. Loaded Objects now: 44242.
Total: 361.881989 ms (FindLiveObjects: 2.631000 ms CreateObjectMapping: 1.256000 ms MarkObjects: 357.816986 ms  DeleteObjects: 0.178000 ms)

Controller Support Not Yet Verified
 
(Filename: /home/builduser/buildslave/unity/build/artifacts/generated/common/runtime/UnityEngineDebugBindings.gen.cpp Line: 42)

Unable to match controller of known type (Generic Controller), will attempt default mapping set.
 
(Filename: /home/builduser/buildslave/unity/build/artifacts/generated/common/runtime/UnityEngineDebugBindings.gen.cpp Line: 42)

Brightness Value Saved - 20
 
(Filename: /home/builduser/buildslave/unity/build/artifacts/generated/common/runtime/UnityEngineDebugBindings.gen.cpp Line: 42)

Unloading 5 Unused Serialized files (Serialized files now loaded: 0)
FSM not Preprocessed: Charm Effects : Thorn Counter
 
(Filename: /home/builduser/buildslave/unity/build/artifacts/generated/common/runtime/UnityEngineDebugBindings.gen.cpp Line: 42)

AddEventHandlerComponent: PlayMakerFixedUpdate
 
(Filename: /home/builduser/buildslave/unity/build/artifacts/generated/common/runtime/UnityEngineDebugBindings.gen.cpp Line: 42)

FSM not Preprocessed: Knight : Dream Nail
 
(Filename: /home/builduser/buildslave/unity/build/artifacts/generated/common/runtime/UnityEngineDebugBindings.gen.cpp Line: 42)

FSM not Preprocessed: Knight : Surface Water
 
(Filename: /home/builduser/buildslave/unity/build/artifacts/generated/common/runtime/UnityEngineDebugBindings.gen.cpp Line: 42)

FSM not Preprocessed: Knight : Nail Arts
 
(Filename: /home/builduser/buildslave/unity/build/artifacts/generated/common/runtime/UnityEngineDebugBindings.gen.cpp Line: 42)

FSM not Preprocessed: Knight : Superdash
 
(Filename: /home/builduser/buildslave/unity/build/artifacts/generated/common/runtime/UnityEngineDebugBindings.gen.cpp Line: 42)

FSM not Preprocessed: Knight : Roar Lock
 
(Filename: /home/builduser/buildslave/unity/build/artifacts/generated/common/runtime/UnityEngineDebugBindings.gen.cpp Line: 42)

FSM not Preprocessed: Knight : Map Control
 
(Filename: /home/builduser/buildslave/unity/build/artifacts/generated/common/runtime/UnityEngineDebugBindings.gen.cpp Line: 42)

FSM not Preprocessed: Knight : Spell Control
 
(Filename: /home/builduser/buildslave/unity/build/artifacts/generated/common/runtime/UnityEngineDebugBindings.gen.cpp Line: 42)

UnloadTime: 6.538000 ms

Unloading 235 unused Assets to reduce memory usage. Loaded Objects now: 51799.
Total: 413.248993 ms (FindLiveObjects: 3.830000 ms CreateObjectMapping: 1.191000 ms MarkObjects: 406.424988 ms  DeleteObjects: 1.802000 ms)

Unloading 5 Unused Serialized files (Serialized files now loaded: 0)
UnloadTime: 3.017000 ms

Unloading 11 unused Assets to reduce memory usage. Loaded Objects now: 51767.
Total: 406.421997 ms (FindLiveObjects: 3.092000 ms CreateObjectMapping: 1.033000 ms MarkObjects: 402.078979 ms  DeleteObjects: 0.216000 ms)

Unloading 6 Unused Serialized files (Serialized files now loaded: 0)
UnloadTime: 2.955000 ms

Unloading 8 unused Assets to reduce memory usage. Loaded Objects now: 51765.
Total: 414.407013 ms (FindLiveObjects: 3.099000 ms CreateObjectMapping: 1.118000 ms MarkObjects: 409.743988 ms  DeleteObjects: 0.445000 ms)

Unloading 7 Unused Serialized files (Serialized files now loaded: 0)
UnloadTime: 2.889000 ms
FSM not Preprocessed: Water Drip 3 : FSM
 
(Filename: /home/builduser/buildslave/unity/build/artifacts/generated/common/runtime/UnityEngineDebugBindings.gen.cpp Line: 42)

FSM not Preprocessed: Stalactite Hazard 1 : Stalactite Control
 
(Filename: /home/builduser/buildslave/unity/build/artifacts/generated/common/runtime/UnityEngineDebugBindings.gen.cpp Line: 42)

FSM not Preprocessed: Buzzer 2 : death_control
 
(Filename: /home/builduser/buildslave/unity/build/artifacts/generated/common/runtime/UnityEngineDebugBindings.gen.cpp Line: 42)

FSM not Preprocessed: Buzzer 2 : flyer_receive_direction_msg
 
(Filename: /home/builduser/buildslave/unity/build/artifacts/generated/common/runtime/UnityEngineDebugBindings.gen.cpp Line: 42)

FSM not Preprocessed: Buzzer 2 : recoil
 
(Filename: /home/builduser/buildslave/unity/build/artifacts/generated/common/runtime/UnityEngineDebugBindings.gen.cpp Line: 42)

FSM not Preprocessed: Buzzer 2 : chaser
 
(Filename: /home/builduser/buildslave/unity/build/artifacts/generated/common/runtime/UnityEngineDebugBindings.gen.cpp Line: 42)

FSM not Preprocessed: Water Drip 19 : FSM
 
(Filename: /home/builduser/buildslave/unity/build/artifacts/generated/common/runtime/UnityEngineDebugBindings.gen.cpp Line: 42)

FSM not Preprocessed: Glow Bug 6 : glow_bug
 
(Filename: /home/builduser/buildslave/unity/build/artifacts/generated/common/runtime/UnityEngineDebugBindings.gen.cpp Line: 42)

AddEventHandlerComponent: PlayMakerFixedUpdate
 
(Filename: /home/builduser/buildslave/unity/build/artifacts/generated/common/runtime/UnityEngineDebugBindings.gen.cpp Line: 42)

FSM not Preprocessed: Tut_tablet_top (2) : Inspection
 
(Filename: /home/builduser/buildslave/unity/build/artifacts/generated/common/runtime/UnityEngineDebugBindings.gen.cpp Line: 42)

AddEventHandlerComponent: PlayMakerFixedUpdate
 
(Filename: /home/builduser/buildslave/unity/build/artifacts/generated/common/runtime/UnityEngineDebugBindings.gen.cpp Line: 42)

FSM not Preprocessed: Water Drip 14 : FSM
 
(Filename: /home/builduser/buildslave/unity/build/artifacts/generated/common/runtime/UnityEngineDebugBindings.gen.cpp Line: 42)

FSM not Preprocessed: Stalactite Hazard 4 : Stalactite Control
 
(Filename: /home/builduser/buildslave/unity/build/artifacts/generated/common/runtime/UnityEngineDebugBindings.gen.cpp Line: 42)

FSM not Preprocessed: Stalactite Hazard : Stalactite Control
 
(Filename: /home/builduser/buildslave/unity/build/artifacts/generated/common/runtime/UnityEngineDebugBindings.gen.cpp Line: 42)

FSM not Preprocessed: Tut_tablet_top : Inspection
 
(Filename: /home/builduser/buildslave/unity/build/artifacts/generated/common/runtime/UnityEngineDebugBindings.gen.cpp Line: 42)

AddEventHandlerComponent: PlayMakerFixedUpdate
 
(Filename: /home/builduser/buildslave/unity/build/artifacts/generated/common/runtime/UnityEngineDebugBindings.gen.cpp Line: 42)

FSM not Preprocessed: Glow Bug 16 : glow_bug
 
(Filename: /home/builduser/buildslave/unity/build/artifacts/generated/common/runtime/UnityEngineDebugBindings.gen.cpp Line: 42)

AddEventHandlerComponent: PlayMakerFixedUpdate
 
(Filename: /home/builduser/buildslave/unity/build/artifacts/generated/common/runtime/UnityEngineDebugBindings.gen.cpp Line: 42)

FSM not Preprocessed: Stalactite Hazard 5 : Stalactite Control
 
(Filename: /home/builduser/buildslave/unity/build/artifacts/generated/common/runtime/UnityEngineDebugBindings.gen.cpp Line: 42)

FSM not Preprocessed: Glow Bug 1 : glow_bug
 
(Filename: /home/builduser/buildslave/unity/build/artifacts/generated/common/runtime/UnityEngineDebugBindings.gen.cpp Line: 42)

AddEventHandlerComponent: PlayMakerFixedUpdate
 
(Filename: /home/builduser/buildslave/unity/build/artifacts/generated/common/runtime/UnityEngineDebugBindings.gen.cpp Line: 42)

FSM not Preprocessed: Glow Bug 9 : glow_bug
 
(Filename: /home/builduser/buildslave/unity/build/artifacts/generated/common/runtime/UnityEngineDebugBindings.gen.cpp Line: 42)

AddEventHandlerComponent: PlayMakerFixedUpdate
 
(Filename: /home/builduser/buildslave/unity/build/artifacts/generated/common/runtime/UnityEngineDebugBindings.gen.cpp Line: 42)

FSM not Preprocessed: Stalactite Hazard (1) : Stalactite Control
 
(Filename: /home/builduser/buildslave/unity/build/artifacts/generated/common/runtime/UnityEngineDebugBindings.gen.cpp Line: 42)

FSM not Preprocessed: Glow Bug 15 : glow_bug
 
(Filename: /home/builduser/buildslave/unity/build/artifacts/generated/common/runtime/UnityEngineDebugBindings.gen.cpp Line: 42)

AddEventHandlerComponent: PlayMakerFixedUpdate
 
(Filename: /home/builduser/buildslave/unity/build/artifacts/generated/common/runtime/UnityEngineDebugBindings.gen.cpp Line: 42)

FSM not Preprocessed: Glow Bug 12 : glow_bug
 
(Filename: /home/builduser/buildslave/unity/build/artifacts/generated/common/runtime/UnityEngineDebugBindings.gen.cpp Line: 42)

AddEventHandlerComponent: PlayMakerFixedUpdate
 
(Filename: /home/builduser/buildslave/unity/build/artifacts/generated/common/runtime/UnityEngineDebugBindings.gen.cpp Line: 42)

FSM not Preprocessed: Water Drip 1 : FSM
 
(Filename: /home/builduser/buildslave/unity/build/artifacts/generated/common/runtime/UnityEngineDebugBindings.gen.cpp Line: 42)

FSM not Preprocessed: Water Drip 20 : FSM
 
(Filename: /home/builduser/buildslave/unity/build/artifacts/generated/common/runtime/UnityEngineDebugBindings.gen.cpp Line: 42)

FSM not Preprocessed: Tut_tablet_top (1) : Inspection
 
(Filename: /home/builduser/buildslave/unity/build/artifacts/generated/common/runtime/UnityEngineDebugBindings.gen.cpp Line: 42)

AddEventHandlerComponent: PlayMakerFixedUpdate
 
(Filename: /home/builduser/buildslave/unity/build/artifacts/generated/common/runtime/UnityEngineDebugBindings.gen.cpp Line: 42)

FSM not Preprocessed: Glow Bug 14 : glow_bug
 
(Filename: /home/builduser/buildslave/unity/build/artifacts/generated/common/runtime/UnityEngineDebugBindings.gen.cpp Line: 42)

AddEventHandlerComponent: PlayMakerFixedUpdate
 
(Filename: /home/builduser/buildslave/unity/build/artifacts/generated/common/runtime/UnityEngineDebugBindings.gen.cpp Line: 42)

FSM not Preprocessed: Geo Rock 4 : Geo Rock
 
(Filename: /home/builduser/buildslave/unity/build/artifacts/generated/common/runtime/UnityEngineDebugBindings.gen.cpp Line: 42)

FSM not Preprocessed: Geo Rock 1 : Geo Rock
 
(Filename: /home/builduser/buildslave/unity/build/artifacts/generated/common/runtime/UnityEngineDebugBindings.gen.cpp Line: 42)

FSM not Preprocessed: Water Drip 7 : FSM
 
(Filename: /home/builduser/buildslave/unity/build/artifacts/generated/common/runtime/UnityEngineDebugBindings.gen.cpp Line: 42)

FSM not Preprocessed: Buzzer 1 : death_control
 
(Filename: /home/builduser/buildslave/unity/build/artifacts/generated/common/runtime/UnityEngineDebugBindings.gen.cpp Line: 42)

FSM not Preprocessed: Buzzer 1 : flyer_receive_direction_msg
 
(Filename: /home/builduser/buildslave/unity/build/artifacts/generated/common/runtime/UnityEngineDebugBindings.gen.cpp Line: 42)

FSM not Preprocessed: Buzzer 1 : recoil
 
(Filename: /home/builduser/buildslave/unity/build/artifacts/generated/common/runtime/UnityEngineDebugBindings.gen.cpp Line: 42)

FSM not Preprocessed: Buzzer 1 : chaser
 
(Filename: /home/builduser/buildslave/unity/build/artifacts/generated/common/runtime/UnityEngineDebugBindings.gen.cpp Line: 42)

FSM not Preprocessed: Glow Bug 8 (1) : glow_bug
 
(Filename: /home/builduser/buildslave/unity/build/artifacts/generated/common/runtime/UnityEngineDebugBindings.gen.cpp Line: 42)

AddEventHandlerComponent: PlayMakerFixedUpdate
 
(Filename: /home/builduser/buildslave/unity/build/artifacts/generated/common/runtime/UnityEngineDebugBindings.gen.cpp Line: 42)

FSM not Preprocessed: Water Drip 5 : FSM
 
(Filename: /home/builduser/buildslave/unity/build/artifacts/generated/common/runtime/UnityEngineDebugBindings.gen.cpp Line: 42)

FSM not Preprocessed: Stalactite Hazard : Stalactite Control
 
(Filename: /home/builduser/buildslave/unity/build/artifacts/generated/common/runtime/UnityEngineDebugBindings.gen.cpp Line: 42)

FSM not Preprocessed: Glow Bug 5 : glow_bug
 
(Filename: /home/builduser/buildslave/unity/build/artifacts/generated/common/runtime/UnityEngineDebugBindings.gen.cpp Line: 42)

AddEventHandlerComponent: PlayMakerFixedUpdate
 
(Filename: /home/builduser/buildslave/unity/build/artifacts/generated/common/runtime/UnityEngineDebugBindings.gen.cpp Line: 42)

FSM not Preprocessed: Water Drip 10 : FSM
 
(Filename: /home/builduser/buildslave/unity/build/artifacts/generated/common/runtime/UnityEngineDebugBindings.gen.cpp Line: 42)

FSM not Preprocessed: Crawler 2 : death_control
 
(Filename: /home/builduser/buildslave/unity/build/artifacts/generated/common/runtime/UnityEngineDebugBindings.gen.cpp Line: 42)

FSM not Preprocessed: Crawler 2 : recoil
 
(Filename: /home/builduser/buildslave/unity/build/artifacts/generated/common/runtime/UnityEngineDebugBindings.gen.cpp Line: 42)

FSM not Preprocessed: Crawler 2 : FSM
 
(Filename: /home/builduser/buildslave/unity/build/artifacts/generated/common/runtime/UnityEngineDebugBindings.gen.cpp Line: 42)

FSM not Preprocessed: Geo Rock 3 : Geo Rock
 
(Filename: /home/builduser/buildslave/unity/build/artifacts/generated/common/runtime/UnityEngineDebugBindings.gen.cpp Line: 42)

FSM not Preprocessed: Mr Mushroom NPC (1) : Control
 
(Filename: /home/builduser/buildslave/unity/build/artifacts/generated/common/runtime/UnityEngineDebugBindings.gen.cpp Line: 42)

AddEventHandlerComponent: PlayMakerFixedUpdate
 
(Filename: /home/builduser/buildslave/unity/build/artifacts/generated/common/runtime/UnityEngineDebugBindings.gen.cpp Line: 42)

FSM not Preprocessed: Mr Mushroom NPC (1) : npc_control
 
(Filename: /home/builduser/buildslave/unity/build/artifacts/generated/common/runtime/UnityEngineDebugBindings.gen.cpp Line: 42)

FSM not Preprocessed: Water Drip 4 : FSM
 
(Filename: /home/builduser/buildslave/unity/build/artifacts/generated/common/runtime/UnityEngineDebugBindings.gen.cpp Line: 42)

FSM not Preprocessed: Crawler Fixed : death_control
 
(Filename: /home/builduser/buildslave/unity/build/artifacts/generated/common/runtime/UnityEngineDebugBindings.gen.cpp Line: 42)

FSM not Preprocessed: Crawler Fixed : recoil
 
(Filename: /home/builduser/buildslave/unity/build/artifacts/generated/common/runtime/UnityEngineDebugBindings.gen.cpp Line: 42)

FSM not Preprocessed: Crawler Fixed : FSM
 
(Filename: /home/builduser/buildslave/unity/build/artifacts/generated/common/runtime/UnityEngineDebugBindings.gen.cpp Line: 42)

FSM not Preprocessed: Water Drip 16 : FSM
 
(Filename: /home/builduser/buildslave/unity/build/artifacts/generated/common/runtime/UnityEngineDebugBindings.gen.cpp Line: 42)

FSM not Preprocessed: Geo Rock 2 : Geo Rock
 
(Filename: /home/builduser/buildslave/unity/build/artifacts/generated/common/runtime/UnityEngineDebugBindings.gen.cpp Line: 42)

FSM not Preprocessed: Water Drip : FSM
 
(Filename: /home/builduser/buildslave/unity/build/artifacts/generated/common/runtime/UnityEngineDebugBindings.gen.cpp Line: 42)

FSM not Preprocessed: Glow Bug 7 : glow_bug
 
(Filename: /home/builduser/buildslave/unity/build/artifacts/generated/common/runtime/UnityEngineDebugBindings.gen.cpp Line: 42)

AddEventHandlerComponent: PlayMakerFixedUpdate
 
(Filename: /home/builduser/buildslave/unity/build/artifacts/generated/common/runtime/UnityEngineDebugBindings.gen.cpp Line: 42)

FSM not Preprocessed: Glow Bug 10 : glow_bug
 
(Filename: /home/builduser/buildslave/unity/build/artifacts/generated/common/runtime/UnityEngineDebugBindings.gen.cpp Line: 42)

AddEventHandlerComponent: PlayMakerFixedUpdate
 
(Filename: /home/builduser/buildslave/unity/build/artifacts/generated/common/runtime/UnityEngineDebugBindings.gen.cpp Line: 42)

FSM not Preprocessed: Water Drip 9 : FSM
 
(Filename: /home/builduser/buildslave/unity/build/artifacts/generated/common/runtime/UnityEngineDebugBindings.gen.cpp Line: 42)

FSM not Preprocessed: Health Cocoon : cocoon_control
 
(Filename: /home/builduser/buildslave/unity/build/artifacts/generated/common/runtime/UnityEngineDebugBindings.gen.cpp Line: 42)

AddEventHandlerComponent: PlayMakerFixedUpdate
 
(Filename: /home/builduser/buildslave/unity/build/artifacts/generated/common/runtime/UnityEngineDebugBindings.gen.cpp Line: 42)

FSM not Preprocessed: Glow Bug 8 : glow_bug
 
(Filename: /home/builduser/buildslave/unity/build/artifacts/generated/common/runtime/UnityEngineDebugBindings.gen.cpp Line: 42)

AddEventHandlerComponent: PlayMakerFixedUpdate
 
(Filename: /home/builduser/buildslave/unity/build/artifacts/generated/common/runtime/UnityEngineDebugBindings.gen.cpp Line: 42)

FSM not Preprocessed: Water Drip 11 : FSM
 
(Filename: /home/builduser/buildslave/unity/build/artifacts/generated/common/runtime/UnityEngineDebugBindings.gen.cpp Line: 42)

FSM not Preprocessed: Water Drip 6 : FSM
 
(Filename: /home/builduser/buildslave/unity/build/artifacts/generated/common/runtime/UnityEngineDebugBindings.gen.cpp Line: 42)

FSM not Preprocessed: Crawler 1 : death_control
 
(Filename: /home/builduser/buildslave/unity/build/artifacts/generated/common/runtime/UnityEngineDebugBindings.gen.cpp Line: 42)

FSM not Preprocessed: Crawler 1 : recoil
 
(Filename: /home/builduser/buildslave/unity/build/artifacts/generated/common/runtime/UnityEngineDebugBindings.gen.cpp Line: 42)

FSM not Preprocessed: Crawler 1 : FSM
 
(Filename: /home/builduser/buildslave/unity/build/artifacts/generated/common/runtime/UnityEngineDebugBindings.gen.cpp Line: 42)

FSM not Preprocessed: Crawler 3 : death_control
 
(Filename: /home/builduser/buildslave/unity/build/artifacts/generated/common/runtime/UnityEngineDebugBindings.gen.cpp Line: 42)

FSM not Preprocessed: Crawler 3 : recoil
 
(Filename: /home/builduser/buildslave/unity/build/artifacts/generated/common/runtime/UnityEngineDebugBindings.gen.cpp Line: 42)

FSM not Preprocessed: Crawler 3 : FSM
 
(Filename: /home/builduser/buildslave/unity/build/artifacts/generated/common/runtime/UnityEngineDebugBindings.gen.cpp Line: 42)

FSM not Preprocessed: Stalactite Hazard 2 : Stalactite Control
 
(Filename: /home/builduser/buildslave/unity/build/artifacts/generated/common/runtime/UnityEngineDebugBindings.gen.cpp Line: 42)

FSM not Preprocessed: Stalactite Hazard 3 : Stalactite Control
 
(Filename: /home/builduser/buildslave/unity/build/artifacts/generated/common/runtime/UnityEngineDebugBindings.gen.cpp Line: 42)

FSM not Preprocessed: Glow Bug 2 : glow_bug
 
(Filename: /home/builduser/buildslave/unity/build/artifacts/generated/common/runtime/UnityEngineDebugBindings.gen.cpp Line: 42)

AddEventHandlerComponent: PlayMakerFixedUpdate
 
(Filename: /home/builduser/buildslave/unity/build/artifacts/generated/common/runtime/UnityEngineDebugBindings.gen.cpp Line: 42)

FSM not Preprocessed: Glow Bug 4 : glow_bug
 
(Filename: /home/builduser/buildslave/unity/build/artifacts/generated/common/runtime/UnityEngineDebugBindings.gen.cpp Line: 42)

AddEventHandlerComponent: PlayMakerFixedUpdate
 
(Filename: /home/builduser/buildslave/unity/build/artifacts/generated/common/runtime/UnityEngineDebugBindings.gen.cpp Line: 42)

FSM not Preprocessed: Glow Bug 11 : glow_bug
 
(Filename: /home/builduser/buildslave/unity/build/artifacts/generated/common/runtime/UnityEngineDebugBindings.gen.cpp Line: 42)

AddEventHandlerComponent: PlayMakerFixedUpdate
 
(Filename: /home/builduser/buildslave/unity/build/artifacts/generated/common/runtime/UnityEngineDebugBindings.gen.cpp Line: 42)

FSM not Preprocessed: Water Drip 18 : FSM
 
(Filename: /home/builduser/buildslave/unity/build/artifacts/generated/common/runtime/UnityEngineDebugBindings.gen.cpp Line: 42)

FSM not Preprocessed: Geo Rock 5 : Geo Rock
 
(Filename: /home/builduser/buildslave/unity/build/artifacts/generated/common/runtime/UnityEngineDebugBindings.gen.cpp Line: 42)

FSM not Preprocessed: Glow Bug 3 : glow_bug
 
(Filename: /home/builduser/buildslave/unity/build/artifacts/generated/common/runtime/UnityEngineDebugBindings.gen.cpp Line: 42)

AddEventHandlerComponent: PlayMakerFixedUpdate
 
(Filename: /home/builduser/buildslave/unity/build/artifacts/generated/common/runtime/UnityEngineDebugBindings.gen.cpp Line: 42)

FSM not Preprocessed: Water Drip 15 : FSM
 
(Filename: /home/builduser/buildslave/unity/build/artifacts/generated/common/runtime/UnityEngineDebugBindings.gen.cpp Line: 42)

FSM not Preprocessed: Water Drip 21 : FSM
 
(Filename: /home/builduser/buildslave/unity/build/artifacts/generated/common/runtime/UnityEngineDebugBindings.gen.cpp Line: 42)

FSM not Preprocessed: Glow Bug : glow_bug
 
(Filename: /home/builduser/buildslave/unity/build/artifacts/generated/common/runtime/UnityEngineDebugBindings.gen.cpp Line: 42)

AddEventHandlerComponent: PlayMakerFixedUpdate
 
(Filename: /home/builduser/buildslave/unity/build/artifacts/generated/common/runtime/UnityEngineDebugBindings.gen.cpp Line: 42)

FSM not Preprocessed: Buzzer : death_control
 
(Filename: /home/builduser/buildslave/unity/build/artifacts/generated/common/runtime/UnityEngineDebugBindings.gen.cpp Line: 42)

FSM not Preprocessed: Buzzer : flyer_receive_direction_msg
 
(Filename: /home/builduser/buildslave/unity/build/artifacts/generated/common/runtime/UnityEngineDebugBindings.gen.cpp Line: 42)

FSM not Preprocessed: Buzzer : recoil
 
(Filename: /home/builduser/buildslave/unity/build/artifacts/generated/common/runtime/UnityEngineDebugBindings.gen.cpp Line: 42)

FSM not Preprocessed: Buzzer : chaser
 
(Filename: /home/builduser/buildslave/unity/build/artifacts/generated/common/runtime/UnityEngineDebugBindings.gen.cpp Line: 42)


Unloading 8 unused Assets to reduce memory usage. Loaded Objects now: 69330.
Total: 498.030975 ms (FindLiveObjects: 4.047000 ms CreateObjectMapping: 1.335000 ms MarkObjects: 490.173004 ms  DeleteObjects: 2.476000 ms)

Could not find FSM: alert_range
 
(Filename: /home/builduser/buildslave/unity/build/artifacts/generated/common/runtime/UnityEngineDebugBindings.gen.cpp Line: 42)

Could not find FSM: alert_range
 
(Filename: /home/builduser/buildslave/unity/build/artifacts/generated/common/runtime/UnityEngineDebugBindings.gen.cpp Line: 42)

Could not find FSM: alert_range
 
(Filename: /home/builduser/buildslave/unity/build/artifacts/generated/common/runtime/UnityEngineDebugBindings.gen.cpp Line: 42)

Could not find FSM: alert_range
 
(Filename: /home/builduser/buildslave/unity/build/artifacts/generated/common/runtime/UnityEngineDebugBindings.gen.cpp Line: 42)

Could not find FSM: alert_range
 
(Filename: /home/builduser/buildslave/unity/build/artifacts/generated/common/runtime/UnityEngineDebugBindings.gen.cpp Line: 42)

Could not find FSM: alert_range
 
(Filename: /home/builduser/buildslave/unity/build/artifacts/generated/common/runtime/UnityEngineDebugBindings.gen.cpp Line: 42)

Could not find FSM: alert_range
 
(Filename: /home/builduser/buildslave/unity/build/artifacts/generated/common/runtime/UnityEngineDebugBindings.gen.cpp Line: 42)

Could not find FSM: alert_range
 
(Filename: /home/builduser/buildslave/unity/build/artifacts/generated/common/runtime/UnityEngineDebugBindings.gen.cpp Line: 42)

Could not find FSM: alert_range
 
(Filename: /home/builduser/buildslave/unity/build/artifacts/generated/common/runtime/UnityEngineDebugBindings.gen.cpp Line: 42)

Could not find FSM: alert_range
 
(Filename: /home/builduser/buildslave/unity/build/artifacts/generated/common/runtime/UnityEngineDebugBindings.gen.cpp Line: 42)

Could not find FSM: alert_range
 
(Filename: /home/builduser/buildslave/unity/build/artifacts/generated/common/runtime/UnityEngineDebugBindings.gen.cpp Line: 42)

Could not find FSM: alert_range
 
(Filename: /home/builduser/buildslave/unity/build/artifacts/generated/common/runtime/UnityEngineDebugBindings.gen.cpp Line: 42)

Could not find FSM: alert_range
 
(Filename: /home/builduser/buildslave/unity/build/artifacts/generated/common/runtime/UnityEngineDebugBindings.gen.cpp Line: 42)

Could not find FSM: alert_range
 
(Filename: /home/builduser/buildslave/unity/build/artifacts/generated/common/runtime/UnityEngineDebugBindings.gen.cpp Line: 42)

Could not find FSM: alert_range
 
(Filename: /home/builduser/buildslave/unity/build/artifacts/generated/common/runtime/UnityEngineDebugBindings.gen.cpp Line: 42)

Could not find FSM: alert_range
 
(Filename: /home/builduser/buildslave/unity/build/artifacts/generated/common/runtime/UnityEngineDebugBindings.gen.cpp Line: 42)

FSM not Preprocessed: Corpse Buzzer(Clone) : corpse
 
(Filename: /home/builduser/buildslave/unity/build/artifacts/generated/common/runtime/UnityEngineDebugBindings.gen.cpp Line: 42)

AddEventHandlerComponent: PlayMakerFixedUpdate
 
(Filename: /home/builduser/buildslave/unity/build/artifacts/generated/common/runtime/UnityEngineDebugBindings.gen.cpp Line: 42)

FSM not Preprocessed: Particle Rock Small Pool(Clone) : rubble_push
 
(Filename: /home/builduser/buildslave/unity/build/artifacts/generated/common/runtime/UnityEngineDebugBindings.gen.cpp Line: 42)

FSM not Preprocessed: Particle Rock Small Pool(Clone) : rubble_push
 
(Filename: /home/builduser/buildslave/unity/build/artifacts/generated/common/runtime/UnityEngineDebugBindings.gen.cpp Line: 42)

FSM not Preprocessed: Particle Rock Small Pool(Clone) : rubble_push
 
(Filename: /home/builduser/buildslave/unity/build/artifacts/generated/common/runtime/UnityEngineDebugBindings.gen.cpp Line: 42)

FSM not Preprocessed: Particle Rock Small Pool(Clone) : rubble_push
 
(Filename: /home/builduser/buildslave/unity/build/artifacts/generated/common/runtime/UnityEngineDebugBindings.gen.cpp Line: 42)

FSM not Preprocessed: Particle Rock Small Pool(Clone) : rubble_push
 
(Filename: /home/builduser/buildslave/unity/build/artifacts/generated/common/runtime/UnityEngineDebugBindings.gen.cpp Line: 42)

FSM not Preprocessed: Particle Rock Small Pool(Clone) : rubble_push
 
(Filename: /home/builduser/buildslave/unity/build/artifacts/generated/common/runtime/UnityEngineDebugBindings.gen.cpp Line: 42)

FSM not Preprocessed: Particle Rock Small Pool(Clone) : rubble_push
 
(Filename: /home/builduser/buildslave/unity/build/artifacts/generated/common/runtime/UnityEngineDebugBindings.gen.cpp Line: 42)

FSM not Preprocessed: Particle Rock Small Pool(Clone) : rubble_push
 
(Filename: /home/builduser/buildslave/unity/build/artifacts/generated/common/runtime/UnityEngineDebugBindings.gen.cpp Line: 42)

FSM not Preprocessed: Particle Rock Small Pool(Clone) : rubble_push
 
(Filename: /home/builduser/buildslave/unity/build/artifacts/generated/common/runtime/UnityEngineDebugBindings.gen.cpp Line: 42)

FSM not Preprocessed: Particle Rock Small Pool(Clone) : rubble_push
 
(Filename: /home/builduser/buildslave/unity/build/artifacts/generated/common/runtime/UnityEngineDebugBindings.gen.cpp Line: 42)

FSM not Preprocessed: Particle Rock Small Pool(Clone) : rubble_push
 
(Filename: /home/builduser/buildslave/unity/build/artifacts/generated/common/runtime/UnityEngineDebugBindings.gen.cpp Line: 42)

FSM not Preprocessed: Particle Rock Small Pool(Clone) : rubble_push
 
(Filename: /home/builduser/buildslave/unity/build/artifacts/generated/common/runtime/UnityEngineDebugBindings.gen.cpp Line: 42)

FSM not Preprocessed: Particle Rock Small Pool(Clone) : rubble_push
 
(Filename: /home/builduser/buildslave/unity/build/artifacts/generated/common/runtime/UnityEngineDebugBindings.gen.cpp Line: 42)

FSM not Preprocessed: Particle Rock Small Pool(Clone) : rubble_push
 
(Filename: /home/builduser/buildslave/unity/build/artifacts/generated/common/runtime/UnityEngineDebugBindings.gen.cpp Line: 42)

FSM not Preprocessed: Particle Rock Small Pool(Clone) : rubble_push
 
(Filename: /home/builduser/buildslave/unity/build/artifacts/generated/common/runtime/UnityEngineDebugBindings.gen.cpp Line: 42)

FSM not Preprocessed: Particle Rock Small Pool(Clone) : rubble_push
 
(Filename: /home/builduser/buildslave/unity/build/artifacts/generated/common/runtime/UnityEngineDebugBindings.gen.cpp Line: 42)

FSM not Preprocessed: Particle Rock Small Pool(Clone) : rubble_push
 
(Filename: /home/builduser/buildslave/unity/build/artifacts/generated/common/runtime/UnityEngineDebugBindings.gen.cpp Line: 42)

FSM not Preprocessed: Particle Rock Small Pool(Clone) : rubble_push
 
(Filename: /home/builduser/buildslave/unity/build/artifacts/generated/common/runtime/UnityEngineDebugBindings.gen.cpp Line: 42)

FSM not Preprocessed: Particle Rock Small Pool(Clone) : rubble_push
 
(Filename: /home/builduser/buildslave/unity/build/artifacts/generated/common/runtime/UnityEngineDebugBindings.gen.cpp Line: 42)

FSM not Preprocessed: Particle Rock Small Pool(Clone) : rubble_push
 
(Filename: /home/builduser/buildslave/unity/build/artifacts/generated/common/runtime/UnityEngineDebugBindings.gen.cpp Line: 42)

FSM not Preprocessed: Particle Rock Small Pool(Clone) : rubble_push
 
(Filename: /home/builduser/buildslave/unity/build/artifacts/generated/common/runtime/UnityEngineDebugBindings.gen.cpp Line: 42)

FSM not Preprocessed: Particle Rock Small Pool(Clone) : rubble_push
 
(Filename: /home/builduser/buildslave/unity/build/artifacts/generated/common/runtime/UnityEngineDebugBindings.gen.cpp Line: 42)

FSM not Preprocessed: Particle Rock Small Pool(Clone) : rubble_push
 
(Filename: /home/builduser/buildslave/unity/build/artifacts/generated/common/runtime/UnityEngineDebugBindings.gen.cpp Line: 42)

FSM not Preprocessed: Particle Rock Small Pool(Clone) : rubble_push
 
(Filename: /home/builduser/buildslave/unity/build/artifacts/generated/common/runtime/UnityEngineDebugBindings.gen.cpp Line: 42)

FSM not Preprocessed: Particle Rock Small Pool(Clone) : rubble_push
 
(Filename: /home/builduser/buildslave/unity/build/artifacts/generated/common/runtime/UnityEngineDebugBindings.gen.cpp Line: 42)

FSM not Preprocessed: Particle Rock Small Pool(Clone) : rubble_push
 
(Filename: /home/builduser/buildslave/unity/build/artifacts/generated/common/runtime/UnityEngineDebugBindings.gen.cpp Line: 42)

FSM not Preprocessed: Particle Rock Small Pool(Clone) : rubble_push
 
(Filename: /home/builduser/buildslave/unity/build/artifacts/generated/common/runtime/UnityEngineDebugBindings.gen.cpp Line: 42)

FSM not Preprocessed: Particle Rock Small Pool(Clone) : rubble_push
 
(Filename: /home/builduser/buildslave/unity/build/artifacts/generated/common/runtime/UnityEngineDebugBindings.gen.cpp Line: 42)

FSM not Preprocessed: Particle Rock Small Pool(Clone) : rubble_push
 
(Filename: /home/builduser/buildslave/unity/build/artifacts/generated/common/runtime/UnityEngineDebugBindings.gen.cpp Line: 42)

FSM not Preprocessed: Particle Rock Small Pool(Clone) : rubble_push
 
(Filename: /home/builduser/buildslave/unity/build/artifacts/generated/common/runtime/UnityEngineDebugBindings.gen.cpp Line: 42)

FSM not Preprocessed: Particle Rock Small Pool(Clone) : rubble_push
 
(Filename: /home/builduser/buildslave/unity/build/artifacts/generated/common/runtime/UnityEngineDebugBindings.gen.cpp Line: 42)

FSM not Preprocessed: Particle Rock Small Pool(Clone) : rubble_push
 
(Filename: /home/builduser/buildslave/unity/build/artifacts/generated/common/runtime/UnityEngineDebugBindings.gen.cpp Line: 42)

FSM not Preprocessed: Particle Rock Small Pool(Clone) : rubble_push
 
(Filename: /home/builduser/buildslave/unity/build/artifacts/generated/common/runtime/UnityEngineDebugBindings.gen.cpp Line: 42)

FSM not Preprocessed: Particle Rock Small Pool(Clone) : rubble_push
 
(Filename: /home/builduser/buildslave/unity/build/artifacts/generated/common/runtime/UnityEngineDebugBindings.gen.cpp Line: 42)

FSM not Preprocessed: Particle Rock Small Pool(Clone) : rubble_push
 
(Filename: /home/builduser/buildslave/unity/build/artifacts/generated/common/runtime/UnityEngineDebugBindings.gen.cpp Line: 42)

FSM not Preprocessed: Particle Rock Small Pool(Clone) : rubble_push
 
(Filename: /home/builduser/buildslave/unity/build/artifacts/generated/common/runtime/UnityEngineDebugBindings.gen.cpp Line: 42)

FSM not Preprocessed: Particle Rock Small Pool(Clone) : rubble_push
 
(Filename: /home/builduser/buildslave/unity/build/artifacts/generated/common/runtime/UnityEngineDebugBindings.gen.cpp Line: 42)

FSM not Preprocessed: Particle Rock Small Pool(Clone) : rubble_push
 
(Filename: /home/builduser/buildslave/unity/build/artifacts/generated/common/runtime/UnityEngineDebugBindings.gen.cpp Line: 42)

FSM not Preprocessed: Particle Rock Small Pool(Clone) : rubble_push
 
(Filename: /home/builduser/buildslave/unity/build/artifacts/generated/common/runtime/UnityEngineDebugBindings.gen.cpp Line: 42)

FSM not Preprocessed: Particle Rock Small Pool(Clone) : rubble_push
 
(Filename: /home/builduser/buildslave/unity/build/artifacts/generated/common/runtime/UnityEngineDebugBindings.gen.cpp Line: 42)

FSM not Preprocessed: Particle Rock Small Pool(Clone) : rubble_push
 
(Filename: /home/builduser/buildslave/unity/build/artifacts/generated/common/runtime/UnityEngineDebugBindings.gen.cpp Line: 42)

FSM not Preprocessed: Particle Rock Small Pool(Clone) : rubble_push
 
(Filename: /home/builduser/buildslave/unity/build/artifacts/generated/common/runtime/UnityEngineDebugBindings.gen.cpp Line: 42)

FSM not Preprocessed: Particle Rock Small Pool(Clone) : rubble_push
 
(Filename: /home/builduser/buildslave/unity/build/artifacts/generated/common/runtime/UnityEngineDebugBindings.gen.cpp Line: 42)

FSM not Preprocessed: Particle Rock Small Pool(Clone) : rubble_push
 
(Filename: /home/builduser/buildslave/unity/build/artifacts/generated/common/runtime/UnityEngineDebugBindings.gen.cpp Line: 42)

FSM not Preprocessed: Particle Rock Small Pool(Clone) : rubble_push
 
(Filename: /home/builduser/buildslave/unity/build/artifacts/generated/common/runtime/UnityEngineDebugBindings.gen.cpp Line: 42)

FSM not Preprocessed: Particle Rock Small Pool(Clone) : rubble_push
 
(Filename: /home/builduser/buildslave/unity/build/artifacts/generated/common/runtime/UnityEngineDebugBindings.gen.cpp Line: 42)

FSM not Preprocessed: Particle Rock Small Pool(Clone) : rubble_push
 
(Filename: /home/builduser/buildslave/unity/build/artifacts/generated/common/runtime/UnityEngineDebugBindings.gen.cpp Line: 42)

FSM not Preprocessed: Particle Rock Small Pool(Clone) : rubble_push
 
(Filename: /home/builduser/buildslave/unity/build/artifacts/generated/common/runtime/UnityEngineDebugBindings.gen.cpp Line: 42)

FSM not Preprocessed: Particle Rock Small Pool(Clone) : rubble_push
 
(Filename: /home/builduser/buildslave/unity/build/artifacts/generated/common/runtime/UnityEngineDebugBindings.gen.cpp Line: 42)

FSM not Preprocessed: Particle Rock Small Pool(Clone) : rubble_push
 
(Filename: /home/builduser/buildslave/unity/build/artifacts/generated/common/runtime/UnityEngineDebugBindings.gen.cpp Line: 42)

FSM not Preprocessed: Particle Rock Small Pool(Clone) : rubble_push
 
(Filename: /home/builduser/buildslave/unity/build/artifacts/generated/common/runtime/UnityEngineDebugBindings.gen.cpp Line: 42)

FSM not Preprocessed: Particle Rock Small Pool(Clone) : rubble_push
 
(Filename: /home/builduser/buildslave/unity/build/artifacts/generated/common/runtime/UnityEngineDebugBindings.gen.cpp Line: 42)

FSM not Preprocessed: Particle Rock Small Pool(Clone) : rubble_push
 
(Filename: /home/builduser/buildslave/unity/build/artifacts/generated/common/runtime/UnityEngineDebugBindings.gen.cpp Line: 42)

FSM not Preprocessed: Particle Rock Small Pool(Clone) : rubble_push
 
(Filename: /home/builduser/buildslave/unity/build/artifacts/generated/common/runtime/UnityEngineDebugBindings.gen.cpp Line: 42)

FSM not Preprocessed: Particle Rock Small Pool(Clone) : rubble_push
 
(Filename: /home/builduser/buildslave/unity/build/artifacts/generated/common/runtime/UnityEngineDebugBindings.gen.cpp Line: 42)

FSM not Preprocessed: Particle Rock Small Pool(Clone) : rubble_push
 
(Filename: /home/builduser/buildslave/unity/build/artifacts/generated/common/runtime/UnityEngineDebugBindings.gen.cpp Line: 42)

FSM not Preprocessed: Particle Rock Small Pool(Clone) : rubble_push
 
(Filename: /home/builduser/buildslave/unity/build/artifacts/generated/common/runtime/UnityEngineDebugBindings.gen.cpp Line: 42)

FSM not Preprocessed: Particle Rock Small Pool(Clone) : rubble_push
 
(Filename: /home/builduser/buildslave/unity/build/artifacts/generated/common/runtime/UnityEngineDebugBindings.gen.cpp Line: 42)

FSM not Preprocessed: Particle Rock Small Pool(Clone) : rubble_push
 
(Filename: /home/builduser/buildslave/unity/build/artifacts/generated/common/runtime/UnityEngineDebugBindings.gen.cpp Line: 42)

FSM not Preprocessed: Particle Rock Small Pool(Clone) : rubble_push
 
(Filename: /home/builduser/buildslave/unity/build/artifacts/generated/common/runtime/UnityEngineDebugBindings.gen.cpp Line: 42)

FSM not Preprocessed: Particle Rock Large Pool(Clone) : rubble_push
 
(Filename: /home/builduser/buildslave/unity/build/artifacts/generated/common/runtime/UnityEngineDebugBindings.gen.cpp Line: 42)

FSM not Preprocessed: Particle Rock Large Pool(Clone) : rubble_push
 
(Filename: /home/builduser/buildslave/unity/build/artifacts/generated/common/runtime/UnityEngineDebugBindings.gen.cpp Line: 42)

FSM not Preprocessed: Particle Rock Large Pool(Clone) : rubble_push
 
(Filename: /home/builduser/buildslave/unity/build/artifacts/generated/common/runtime/UnityEngineDebugBindings.gen.cpp Line: 42)

FSM not Preprocessed: Particle Rock Large Pool(Clone) : rubble_push
 
(Filename: /home/builduser/buildslave/unity/build/artifacts/generated/common/runtime/UnityEngineDebugBindings.gen.cpp Line: 42)

FSM not Preprocessed: Particle Rock Large Pool(Clone) : rubble_push
 
(Filename: /home/builduser/buildslave/unity/build/artifacts/generated/common/runtime/UnityEngineDebugBindings.gen.cpp Line: 42)

FSM not Preprocessed: Particle Rock Large Pool(Clone) : rubble_push
 
(Filename: /home/builduser/buildslave/unity/build/artifacts/generated/common/runtime/UnityEngineDebugBindings.gen.cpp Line: 42)

FSM not Preprocessed: Particle Rock Large Pool(Clone) : rubble_push
 
(Filename: /home/builduser/buildslave/unity/build/artifacts/generated/common/runtime/UnityEngineDebugBindings.gen.cpp Line: 42)

FSM not Preprocessed: Particle Rock Large Pool(Clone) : rubble_push
 
(Filename: /home/builduser/buildslave/unity/build/artifacts/generated/common/runtime/UnityEngineDebugBindings.gen.cpp Line: 42)

FSM not Preprocessed: Particle Rock Large Pool(Clone) : rubble_push
 
(Filename: /home/builduser/buildslave/unity/build/artifacts/generated/common/runtime/UnityEngineDebugBindings.gen.cpp Line: 42)

FSM not Preprocessed: Particle Rock Large Pool(Clone) : rubble_push
 
(Filename: /home/builduser/buildslave/unity/build/artifacts/generated/common/runtime/UnityEngineDebugBindings.gen.cpp Line: 42)

FSM not Preprocessed: Particle Rock Large Pool(Clone) : rubble_push
 
(Filename: /home/builduser/buildslave/unity/build/artifacts/generated/common/runtime/UnityEngineDebugBindings.gen.cpp Line: 42)

FSM not Preprocessed: Particle Rock Large Pool(Clone) : rubble_push
 
(Filename: /home/builduser/buildslave/unity/build/artifacts/generated/common/runtime/UnityEngineDebugBindings.gen.cpp Line: 42)

FSM not Preprocessed: Particle Rock Large Pool(Clone) : rubble_push
 
(Filename: /home/builduser/buildslave/unity/build/artifacts/generated/common/runtime/UnityEngineDebugBindings.gen.cpp Line: 42)

FSM not Preprocessed: Particle Rock Large Pool(Clone) : rubble_push
 
(Filename: /home/builduser/buildslave/unity/build/artifacts/generated/common/runtime/UnityEngineDebugBindings.gen.cpp Line: 42)

FSM not Preprocessed: Particle Rock Large Pool(Clone) : rubble_push
 
(Filename: /home/builduser/buildslave/unity/build/artifacts/generated/common/runtime/UnityEngineDebugBindings.gen.cpp Line: 42)

FSM not Preprocessed: Particle Rock Large Pool(Clone) : rubble_push
 
(Filename: /home/builduser/buildslave/unity/build/artifacts/generated/common/runtime/UnityEngineDebugBindings.gen.cpp Line: 42)

FSM not Preprocessed: Particle Rock Large Pool(Clone) : rubble_push
 
(Filename: /home/builduser/buildslave/unity/build/artifacts/generated/common/runtime/UnityEngineDebugBindings.gen.cpp Line: 42)

FSM not Preprocessed: Particle Rock Large Pool(Clone) : rubble_push
 
(Filename: /home/builduser/buildslave/unity/build/artifacts/generated/common/runtime/UnityEngineDebugBindings.gen.cpp Line: 42)

FSM not Preprocessed: Particle Rock Large Pool(Clone) : rubble_push
 
(Filename: /home/builduser/buildslave/unity/build/artifacts/generated/common/runtime/UnityEngineDebugBindings.gen.cpp Line: 42)

FSM not Preprocessed: Particle Rock Large Pool(Clone) : rubble_push
 
(Filename: /home/builduser/buildslave/unity/build/artifacts/generated/common/runtime/UnityEngineDebugBindings.gen.cpp Line: 42)

FSM not Preprocessed: Particle Rock Large Pool(Clone) : rubble_push
 
(Filename: /home/builduser/buildslave/unity/build/artifacts/generated/common/runtime/UnityEngineDebugBindings.gen.cpp Line: 42)

FSM not Preprocessed: Particle Rock Large Pool(Clone) : rubble_push
 
(Filename: /home/builduser/buildslave/unity/build/artifacts/generated/common/runtime/UnityEngineDebugBindings.gen.cpp Line: 42)

FSM not Preprocessed: Particle Rock Large Pool(Clone) : rubble_push
 
(Filename: /home/builduser/buildslave/unity/build/artifacts/generated/common/runtime/UnityEngineDebugBindings.gen.cpp Line: 42)

FSM not Preprocessed: Particle Rock Large Pool(Clone) : rubble_push
 
(Filename: /home/builduser/buildslave/unity/build/artifacts/generated/common/runtime/UnityEngineDebugBindings.gen.cpp Line: 42)

FSM not Preprocessed: Particle Rock Large Pool(Clone) : rubble_push
 
(Filename: /home/builduser/buildslave/unity/build/artifacts/generated/common/runtime/UnityEngineDebugBindings.gen.cpp Line: 42)

FSM not Preprocessed: Particle Rock Large Pool(Clone) : rubble_push
 
(Filename: /home/builduser/buildslave/unity/build/artifacts/generated/common/runtime/UnityEngineDebugBindings.gen.cpp Line: 42)

FSM not Preprocessed: Particle Rock Large Pool(Clone) : rubble_push
 
(Filename: /home/builduser/buildslave/unity/build/artifacts/generated/common/runtime/UnityEngineDebugBindings.gen.cpp Line: 42)

FSM not Preprocessed: Particle Rock Large Pool(Clone) : rubble_push
 
(Filename: /home/builduser/buildslave/unity/build/artifacts/generated/common/runtime/UnityEngineDebugBindings.gen.cpp Line: 42)

FSM not Preprocessed: Particle Rock Large Pool(Clone) : rubble_push
 
(Filename: /home/builduser/buildslave/unity/build/artifacts/generated/common/runtime/UnityEngineDebugBindings.gen.cpp Line: 42)

FSM not Preprocessed: Particle Rock Large Pool(Clone) : rubble_push
 
(Filename: /home/builduser/buildslave/unity/build/artifacts/generated/common/runtime/UnityEngineDebugBindings.gen.cpp Line: 42)

FSM not Preprocessed: Particle Rock Large Pool(Clone) : rubble_push
 
(Filename: /home/builduser/buildslave/unity/build/artifacts/generated/common/runtime/UnityEngineDebugBindings.gen.cpp Line: 42)

FSM not Preprocessed: Particle Rock Large Pool(Clone) : rubble_push
 
(Filename: /home/builduser/buildslave/unity/build/artifacts/generated/common/runtime/UnityEngineDebugBindings.gen.cpp Line: 42)

FSM not Preprocessed: Particle Rock Large Pool(Clone) : rubble_push
 
(Filename: /home/builduser/buildslave/unity/build/artifacts/generated/common/runtime/UnityEngineDebugBindings.gen.cpp Line: 42)

FSM not Preprocessed: Particle Rock Large Pool(Clone) : rubble_push
 
(Filename: /home/builduser/buildslave/unity/build/artifacts/generated/common/runtime/UnityEngineDebugBindings.gen.cpp Line: 42)

FSM not Preprocessed: Particle Rock Large Pool(Clone) : rubble_push
 
(Filename: /home/builduser/buildslave/unity/build/artifacts/generated/common/runtime/UnityEngineDebugBindings.gen.cpp Line: 42)

FSM not Preprocessed: Particle Rock Large Pool(Clone) : rubble_push
 
(Filename: /home/builduser/buildslave/unity/build/artifacts/generated/common/runtime/UnityEngineDebugBindings.gen.cpp Line: 42)

FSM not Preprocessed: Particle Rock Large Pool(Clone) : rubble_push
 
(Filename: /home/builduser/buildslave/unity/build/artifacts/generated/common/runtime/UnityEngineDebugBindings.gen.cpp Line: 42)

FSM not Preprocessed: Particle Rock Large Pool(Clone) : rubble_push
 
(Filename: /home/builduser/buildslave/unity/build/artifacts/generated/common/runtime/UnityEngineDebugBindings.gen.cpp Line: 42)

FSM not Preprocessed: Particle Rock Large Pool(Clone) : rubble_push
 
(Filename: /home/builduser/buildslave/unity/build/artifacts/generated/common/runtime/UnityEngineDebugBindings.gen.cpp Line: 42)

FSM not Preprocessed: Particle Rock Large Pool(Clone) : rubble_push
 
(Filename: /home/builduser/buildslave/unity/build/artifacts/generated/common/runtime/UnityEngineDebugBindings.gen.cpp Line: 42)

FSM not Preprocessed: Particle Rock Large Pool(Clone) : rubble_push
 
(Filename: /home/builduser/buildslave/unity/build/artifacts/generated/common/runtime/UnityEngineDebugBindings.gen.cpp Line: 42)

FSM not Preprocessed: Particle Rock Large Pool(Clone) : rubble_push
 
(Filename: /home/builduser/buildslave/unity/build/artifacts/generated/common/runtime/UnityEngineDebugBindings.gen.cpp Line: 42)

FSM not Preprocessed: Particle Rock Large Pool(Clone) : rubble_push
 
(Filename: /home/builduser/buildslave/unity/build/artifacts/generated/common/runtime/UnityEngineDebugBindings.gen.cpp Line: 42)

FSM not Preprocessed: Particle Rock Large Pool(Clone) : rubble_push
 
(Filename: /home/builduser/buildslave/unity/build/artifacts/generated/common/runtime/UnityEngineDebugBindings.gen.cpp Line: 42)

FSM not Preprocessed: Particle Rock Large Pool(Clone) : rubble_push
 
(Filename: /home/builduser/buildslave/unity/build/artifacts/generated/common/runtime/UnityEngineDebugBindings.gen.cpp Line: 42)

FSM not Preprocessed: Particle Rock Large Pool(Clone) : rubble_push
 
(Filename: /home/builduser/buildslave/unity/build/artifacts/generated/common/runtime/UnityEngineDebugBindings.gen.cpp Line: 42)

FSM not Preprocessed: Particle Rock Large Pool(Clone) : rubble_push
 
(Filename: /home/builduser/buildslave/unity/build/artifacts/generated/common/runtime/UnityEngineDebugBindings.gen.cpp Line: 42)

FSM not Preprocessed: Particle Rock Large Pool(Clone) : rubble_push
 
(Filename: /home/builduser/buildslave/unity/build/artifacts/generated/common/runtime/UnityEngineDebugBindings.gen.cpp Line: 42)

FSM not Preprocessed: Particle Rock Large Pool(Clone) : rubble_push
 
(Filename: /home/builduser/buildslave/unity/build/artifacts/generated/common/runtime/UnityEngineDebugBindings.gen.cpp Line: 42)

FSM not Preprocessed: Particle Rock Large Pool(Clone) : rubble_push
 
(Filename: /home/builduser/buildslave/unity/build/artifacts/generated/common/runtime/UnityEngineDebugBindings.gen.cpp Line: 42)

FSM not Preprocessed: Particle Rock Large Pool(Clone) : rubble_push
 
(Filename: /home/builduser/buildslave/unity/build/artifacts/generated/common/runtime/UnityEngineDebugBindings.gen.cpp Line: 42)

FSM not Preprocessed: Particle Rock Large Pool(Clone) : rubble_push
 
(Filename: /home/builduser/buildslave/unity/build/artifacts/generated/common/runtime/UnityEngineDebugBindings.gen.cpp Line: 42)

FSM not Preprocessed: Particle Rock Large Pool(Clone) : rubble_push
 
(Filename: /home/builduser/buildslave/unity/build/artifacts/generated/common/runtime/UnityEngineDebugBindings.gen.cpp Line: 42)

FSM not Preprocessed: Particle Rock Large Pool(Clone) : rubble_push
 
(Filename: /home/builduser/buildslave/unity/build/artifacts/generated/common/runtime/UnityEngineDebugBindings.gen.cpp Line: 42)

FSM not Preprocessed: Particle Rock Large Pool(Clone) : rubble_push
 
(Filename: /home/builduser/buildslave/unity/build/artifacts/generated/common/runtime/UnityEngineDebugBindings.gen.cpp Line: 42)

FSM not Preprocessed: Particle Rock Large Pool(Clone) : rubble_push
 
(Filename: /home/builduser/buildslave/unity/build/artifacts/generated/common/runtime/UnityEngineDebugBindings.gen.cpp Line: 42)

FSM not Preprocessed: Particle Rock Large Pool(Clone) : rubble_push
 
(Filename: /home/builduser/buildslave/unity/build/artifacts/generated/common/runtime/UnityEngineDebugBindings.gen.cpp Line: 42)

FSM not Preprocessed: Particle Rock Large Pool(Clone) : rubble_push
 
(Filename: /home/builduser/buildslave/unity/build/artifacts/generated/common/runtime/UnityEngineDebugBindings.gen.cpp Line: 42)

FSM not Preprocessed: Particle Rock Large Pool(Clone) : rubble_push
 
(Filename: /home/builduser/buildslave/unity/build/artifacts/generated/common/runtime/UnityEngineDebugBindings.gen.cpp Line: 42)

FSM not Preprocessed: Particle Rock Large Pool(Clone) : rubble_push
 
(Filename: /home/builduser/buildslave/unity/build/artifacts/generated/common/runtime/UnityEngineDebugBindings.gen.cpp Line: 42)

Object Pool attached to GlobalPool has run out of Arrow Prompt prefabs, Instantiating an additional one.
 
(Filename: /home/builduser/buildslave/unity/build/artifacts/generated/common/runtime/UnityEngineDebugBindings.gen.cpp Line: 42)

Object Pool attached to GlobalPool has run out of Arrow Prompt prefabs, Instantiating an additional one.
 
(Filename: /home/builduser/buildslave/unity/build/artifacts/generated/common/runtime/UnityEngineDebugBindings.gen.cpp Line: 42)

FSM not Preprocessed: Corpse Buzzer(Clone) : corpse
 
(Filename: /home/builduser/buildslave/unity/build/artifacts/generated/common/runtime/UnityEngineDebugBindings.gen.cpp Line: 42)

AddEventHandlerComponent: PlayMakerFixedUpdate
 
(Filename: /home/builduser/buildslave/unity/build/artifacts/generated/common/runtime/UnityEngineDebugBindings.gen.cpp Line: 42)

FSM not Preprocessed: Particle Rock Small Pool(Clone) : rubble_push
 
(Filename: /home/builduser/buildslave/unity/build/artifacts/generated/common/runtime/UnityEngineDebugBindings.gen.cpp Line: 42)

FSM not Preprocessed: Particle Rock Small Pool(Clone) : rubble_push
 
(Filename: /home/builduser/buildslave/unity/build/artifacts/generated/common/runtime/UnityEngineDebugBindings.gen.cpp Line: 42)

FSM not Preprocessed: Particle Rock Small Pool(Clone) : rubble_push
 
(Filename: /home/builduser/buildslave/unity/build/artifacts/generated/common/runtime/UnityEngineDebugBindings.gen.cpp Line: 42)

FSM not Preprocessed: Particle Rock Small Pool(Clone) : rubble_push
 
(Filename: /home/builduser/buildslave/unity/build/artifacts/generated/common/runtime/UnityEngineDebugBindings.gen.cpp Line: 42)

FSM not Preprocessed: Particle Rock Small Pool(Clone) : rubble_push
 
(Filename: /home/builduser/buildslave/unity/build/artifacts/generated/common/runtime/UnityEngineDebugBindings.gen.cpp Line: 42)

FSM not Preprocessed: Particle Rock Small Pool(Clone) : rubble_push
 
(Filename: /home/builduser/buildslave/unity/build/artifacts/generated/common/runtime/UnityEngineDebugBindings.gen.cpp Line: 42)

FSM not Preprocessed: Particle Rock Small Pool(Clone) : rubble_push
 
(Filename: /home/builduser/buildslave/unity/build/artifacts/generated/common/runtime/UnityEngineDebugBindings.gen.cpp Line: 42)

FSM not Preprocessed: Particle Rock Small Pool(Clone) : rubble_push
 
(Filename: /home/builduser/buildslave/unity/build/artifacts/generated/common/runtime/UnityEngineDebugBindings.gen.cpp Line: 42)

FSM not Preprocessed: Particle Rock Small Pool(Clone) : rubble_push
 
(Filename: /home/builduser/buildslave/unity/build/artifacts/generated/common/runtime/UnityEngineDebugBindings.gen.cpp Line: 42)

FSM not Preprocessed: Particle Rock Small Pool(Clone) : rubble_push
 
(Filename: /home/builduser/buildslave/unity/build/artifacts/generated/common/runtime/UnityEngineDebugBindings.gen.cpp Line: 42)

FSM not Preprocessed: Particle Rock Small Pool(Clone) : rubble_push
 
(Filename: /home/builduser/buildslave/unity/build/artifacts/generated/common/runtime/UnityEngineDebugBindings.gen.cpp Line: 42)

FSM not Preprocessed: Particle Rock Small Pool(Clone) : rubble_push
 
(Filename: /home/builduser/buildslave/unity/build/artifacts/generated/common/runtime/UnityEngineDebugBindings.gen.cpp Line: 42)

FSM not Preprocessed: Particle Rock Small Pool(Clone) : rubble_push
 
(Filename: /home/builduser/buildslave/unity/build/artifacts/generated/common/runtime/UnityEngineDebugBindings.gen.cpp Line: 42)

FSM not Preprocessed: Particle Rock Small Pool(Clone) : rubble_push
 
(Filename: /home/builduser/buildslave/unity/build/artifacts/generated/common/runtime/UnityEngineDebugBindings.gen.cpp Line: 42)

FSM not Preprocessed: Particle Rock Small Pool(Clone) : rubble_push
 
(Filename: /home/builduser/buildslave/unity/build/artifacts/generated/common/runtime/UnityEngineDebugBindings.gen.cpp Line: 42)

FSM not Preprocessed: Particle Rock Small Pool(Clone) : rubble_push
 
(Filename: /home/builduser/buildslave/unity/build/artifacts/generated/common/runtime/UnityEngineDebugBindings.gen.cpp Line: 42)

FSM not Preprocessed: Particle Rock Small Pool(Clone) : rubble_push
 
(Filename: /home/builduser/buildslave/unity/build/artifacts/generated/common/runtime/UnityEngineDebugBindings.gen.cpp Line: 42)

FSM not Preprocessed: Particle Rock Small Pool(Clone) : rubble_push
 
(Filename: /home/builduser/buildslave/unity/build/artifacts/generated/common/runtime/UnityEngineDebugBindings.gen.cpp Line: 42)

FSM not Preprocessed: Particle Rock Small Pool(Clone) : rubble_push
 
(Filename: /home/builduser/buildslave/unity/build/artifacts/generated/common/runtime/UnityEngineDebugBindings.gen.cpp Line: 42)

FSM not Preprocessed: Particle Rock Small Pool(Clone) : rubble_push
 
(Filename: /home/builduser/buildslave/unity/build/artifacts/generated/common/runtime/UnityEngineDebugBindings.gen.cpp Line: 42)

FSM not Preprocessed: Particle Rock Large Pool(Clone) : rubble_push
 
(Filename: /home/builduser/buildslave/unity/build/artifacts/generated/common/runtime/UnityEngineDebugBindings.gen.cpp Line: 42)

FSM not Preprocessed: Particle Rock Large Pool(Clone) : rubble_push
 
(Filename: /home/builduser/buildslave/unity/build/artifacts/generated/common/runtime/UnityEngineDebugBindings.gen.cpp Line: 42)

FSM not Preprocessed: Particle Rock Large Pool(Clone) : rubble_push
 
(Filename: /home/builduser/buildslave/unity/build/artifacts/generated/common/runtime/UnityEngineDebugBindings.gen.cpp Line: 42)

FSM not Preprocessed: Particle Rock Large Pool(Clone) : rubble_push
 
(Filename: /home/builduser/buildslave/unity/build/artifacts/generated/common/runtime/UnityEngineDebugBindings.gen.cpp Line: 42)

FSM not Preprocessed: Particle Rock Large Pool(Clone) : rubble_push
 
(Filename: /home/builduser/buildslave/unity/build/artifacts/generated/common/runtime/UnityEngineDebugBindings.gen.cpp Line: 42)

FSM not Preprocessed: Particle Rock Large Pool(Clone) : rubble_push
 
(Filename: /home/builduser/buildslave/unity/build/artifacts/generated/common/runtime/UnityEngineDebugBindings.gen.cpp Line: 42)

FSM not Preprocessed: Particle Rock Large Pool(Clone) : rubble_push
 
(Filename: /home/builduser/buildslave/unity/build/artifacts/generated/common/runtime/UnityEngineDebugBindings.gen.cpp Line: 42)

FSM not Preprocessed: Particle Rock Large Pool(Clone) : rubble_push
 
(Filename: /home/builduser/buildslave/unity/build/artifacts/generated/common/runtime/UnityEngineDebugBindings.gen.cpp Line: 42)

FSM not Preprocessed: Particle Rock Large Pool(Clone) : rubble_push
 
(Filename: /home/builduser/buildslave/unity/build/artifacts/generated/common/runtime/UnityEngineDebugBindings.gen.cpp Line: 42)

FSM not Preprocessed: Particle Rock Large Pool(Clone) : rubble_push
 
(Filename: /home/builduser/buildslave/unity/build/artifacts/generated/common/runtime/UnityEngineDebugBindings.gen.cpp Line: 42)

FSM not Preprocessed: Particle Rock Large Pool(Clone) : rubble_push
 
(Filename: /home/builduser/buildslave/unity/build/artifacts/generated/common/runtime/UnityEngineDebugBindings.gen.cpp Line: 42)

FSM not Preprocessed: Particle Rock Large Pool(Clone) : rubble_push
 
(Filename: /home/builduser/buildslave/unity/build/artifacts/generated/common/runtime/UnityEngineDebugBindings.gen.cpp Line: 42)

FSM not Preprocessed: Particle Rock Large Pool(Clone) : rubble_push
 
(Filename: /home/builduser/buildslave/unity/build/artifacts/generated/common/runtime/UnityEngineDebugBindings.gen.cpp Line: 42)

FSM not Preprocessed: Particle Rock Large Pool(Clone) : rubble_push
 
(Filename: /home/builduser/buildslave/unity/build/artifacts/generated/common/runtime/UnityEngineDebugBindings.gen.cpp Line: 42)

FSM not Preprocessed: Particle Rock Large Pool(Clone) : rubble_push
 
(Filename: /home/builduser/buildslave/unity/build/artifacts/generated/common/runtime/UnityEngineDebugBindings.gen.cpp Line: 42)

FSM not Preprocessed: Corpse Crawler(Clone) : corpse
 
(Filename: /home/builduser/buildslave/unity/build/artifacts/generated/common/runtime/UnityEngineDebugBindings.gen.cpp Line: 42)

AddEventHandlerComponent: PlayMakerFixedUpdate
 
(Filename: /home/builduser/buildslave/unity/build/artifacts/generated/common/runtime/UnityEngineDebugBindings.gen.cpp Line: 42)

FSM not Preprocessed: Corpse Crawler(Clone) : corpse
 
(Filename: /home/builduser/buildslave/unity/build/artifacts/generated/common/runtime/UnityEngineDebugBindings.gen.cpp Line: 42)

AddEventHandlerComponent: PlayMakerFixedUpdate
 
(Filename: /home/builduser/buildslave/unity/build/artifacts/generated/common/runtime/UnityEngineDebugBindings.gen.cpp Line: 42)

FSM not Preprocessed: Health Scuttler(Clone) : health_scuttler
 
(Filename: /home/builduser/buildslave/unity/build/artifacts/generated/common/runtime/UnityEngineDebugBindings.gen.cpp Line: 42)

AddEventHandlerComponent: PlayMakerFixedUpdate
 
(Filename: /home/builduser/buildslave/unity/build/artifacts/generated/common/runtime/UnityEngineDebugBindings.gen.cpp Line: 42)

FSM not Preprocessed: Health Scuttler(Clone) : health_scuttler
 
(Filename: /home/builduser/buildslave/unity/build/artifacts/generated/common/runtime/UnityEngineDebugBindings.gen.cpp Line: 42)

AddEventHandlerComponent: PlayMakerFixedUpdate
 
(Filename: /home/builduser/buildslave/unity/build/artifacts/generated/common/runtime/UnityEngineDebugBindings.gen.cpp Line: 42)

FSM not Preprocessed: Corpse Crawler(Clone) : corpse
 
(Filename: /home/builduser/buildslave/unity/build/artifacts/generated/common/runtime/UnityEngineDebugBindings.gen.cpp Line: 42)

AddEventHandlerComponent: PlayMakerFixedUpdate
 
(Filename: /home/builduser/buildslave/unity/build/artifacts/generated/common/runtime/UnityEngineDebugBindings.gen.cpp Line: 42)

FSM not Preprocessed: Corpse Crawler(Clone) : corpse
 
(Filename: /home/builduser/buildslave/unity/build/artifacts/generated/common/runtime/UnityEngineDebugBindings.gen.cpp Line: 42)

AddEventHandlerComponent: PlayMakerFixedUpdate
 
(Filename: /home/builduser/buildslave/unity/build/artifacts/generated/common/runtime/UnityEngineDebugBindings.gen.cpp Line: 42)

FSM not Preprocessed: Particle Rock Small Shrinker(Clone) : rubble_push
 
(Filename: /home/builduser/buildslave/unity/build/artifacts/generated/common/runtime/UnityEngineDebugBindings.gen.cpp Line: 42)

FSM not Preprocessed: Particle Rock Small Shrinker(Clone) : rubble_push
 
(Filename: /home/builduser/buildslave/unity/build/artifacts/generated/common/runtime/UnityEngineDebugBindings.gen.cpp Line: 42)

FSM not Preprocessed: Particle Rock Small Shrinker(Clone) : rubble_push
 
(Filename: /home/builduser/buildslave/unity/build/artifacts/generated/common/runtime/UnityEngineDebugBindings.gen.cpp Line: 42)

FSM not Preprocessed: Particle Rock Small Shrinker(Clone) : rubble_push
 
(Filename: /home/builduser/buildslave/unity/build/artifacts/generated/common/runtime/UnityEngineDebugBindings.gen.cpp Line: 42)

FSM not Preprocessed: Particle Rock Small Shrinker(Clone) : rubble_push
 
(Filename: /home/builduser/buildslave/unity/build/artifacts/generated/common/runtime/UnityEngineDebugBindings.gen.cpp Line: 42)

FSM not Preprocessed: Particle Rock Small Shrinker(Clone) : rubble_push
 
(Filename: /home/builduser/buildslave/unity/build/artifacts/generated/common/runtime/UnityEngineDebugBindings.gen.cpp Line: 42)

FSM not Preprocessed: Particle Rock Small Shrinker(Clone) : rubble_push
 
(Filename: /home/builduser/buildslave/unity/build/artifacts/generated/common/runtime/UnityEngineDebugBindings.gen.cpp Line: 42)

FSM not Preprocessed: Particle Rock Small Shrinker(Clone) : rubble_push
 
(Filename: /home/builduser/buildslave/unity/build/artifacts/generated/common/runtime/UnityEngineDebugBindings.gen.cpp Line: 42)

FSM not Preprocessed: Particle Rock Small Shrinker(Clone) : rubble_push
 
(Filename: /home/builduser/buildslave/unity/build/artifacts/generated/common/runtime/UnityEngineDebugBindings.gen.cpp Line: 42)

FSM not Preprocessed: Particle Rock Small Shrinker(Clone) : rubble_push
 
(Filename: /home/builduser/buildslave/unity/build/artifacts/generated/common/runtime/UnityEngineDebugBindings.gen.cpp Line: 42)

Object Pool attached to GlobalPool could not find a copy of Audio Player Actor 2D, Instantiating a new one.
 
(Filename: /home/builduser/buildslave/unity/build/artifacts/generated/common/runtime/UnityEngineDebugBindings.gen.cpp Line: 42)

FSM not Preprocessed: Piece Tute Pole A : rubble_push
 
(Filename: /home/builduser/buildslave/unity/build/artifacts/generated/common/runtime/UnityEngineDebugBindings.gen.cpp Line: 42)

FSM not Preprocessed: Piece Tute Pole D : rubble_push
 
(Filename: /home/builduser/buildslave/unity/build/artifacts/generated/common/runtime/UnityEngineDebugBindings.gen.cpp Line: 42)

FSM not Preprocessed: Piece Tute Pole C : rubble_push
 
(Filename: /home/builduser/buildslave/unity/build/artifacts/generated/common/runtime/UnityEngineDebugBindings.gen.cpp Line: 42)

FSM not Preprocessed: Piece Tute Pole B : rubble_push
 
(Filename: /home/builduser/buildslave/unity/build/artifacts/generated/common/runtime/UnityEngineDebugBindings.gen.cpp Line: 42)

FSM not Preprocessed: Piece Tute Pole E : rubble_push
 
(Filename: /home/builduser/buildslave/unity/build/artifacts/generated/common/runtime/UnityEngineDebugBindings.gen.cpp Line: 42)

FSM not Preprocessed: Piece Tute Pole E (1) : rubble_push
 
(Filename: /home/builduser/buildslave/unity/build/artifacts/generated/common/runtime/UnityEngineDebugBindings.gen.cpp Line: 42)

FSM not Preprocessed: Piece Tute Pole E (2) : rubble_push
 
(Filename: /home/builduser/buildslave/unity/build/artifacts/generated/common/runtime/UnityEngineDebugBindings.gen.cpp Line: 42)

FSM not Preprocessed: Piece Tute Pole E (3) : rubble_push
 
(Filename: /home/builduser/buildslave/unity/build/artifacts/generated/common/runtime/UnityEngineDebugBindings.gen.cpp Line: 42)

Could not find FSM: line_of_sight_alert
 
(Filename: /home/builduser/buildslave/unity/build/artifacts/generated/common/runtime/UnityEngineDebugBindings.gen.cpp Line: 42)

Could not find FSM: line_of_sight_alert
 
(Filename: /home/builduser/buildslave/unity/build/artifacts/generated/common/runtime/UnityEngineDebugBindings.gen.cpp Line: 42)

FSM not Preprocessed: Geo Small(Clone) : geo_control
 
(Filename: /home/builduser/buildslave/unity/build/artifacts/generated/common/runtime/UnityEngineDebugBindings.gen.cpp Line: 42)

FSM not Preprocessed: Geo Small(Clone) : geo_getter
 
(Filename: /home/builduser/buildslave/unity/build/artifacts/generated/common/runtime/UnityEngineDebugBindings.gen.cpp Line: 42)

FSM not Preprocessed: Geo Small(Clone) : geo_control
 
(Filename: /home/builduser/buildslave/unity/build/artifacts/generated/common/runtime/UnityEngineDebugBindings.gen.cpp Line: 42)

FSM not Preprocessed: Geo Small(Clone) : geo_getter
 
(Filename: /home/builduser/buildslave/unity/build/artifacts/generated/common/runtime/UnityEngineDebugBindings.gen.cpp Line: 42)

Could not find FSM: line_of_sight_alert
 
(Filename: /home/builduser/buildslave/unity/build/artifacts/generated/common/runtime/UnityEngineDebugBindings.gen.cpp Line: 42)

FSM not Preprocessed: Geo Small(Clone) : geo_control
 
(Filename: /home/builduser/buildslave/unity/build/artifacts/generated/common/runtime/UnityEngineDebugBindings.gen.cpp Line: 42)

FSM not Preprocessed: Geo Small(Clone) : geo_getter
 
(Filename: /home/builduser/buildslave/unity/build/artifacts/generated/common/runtime/UnityEngineDebugBindings.gen.cpp Line: 42)

FSM not Preprocessed: Geo Small(Clone) : geo_control
 
(Filename: /home/builduser/buildslave/unity/build/artifacts/generated/common/runtime/UnityEngineDebugBindings.gen.cpp Line: 42)

FSM not Preprocessed: Geo Small(Clone) : geo_getter
 
(Filename: /home/builduser/buildslave/unity/build/artifacts/generated/common/runtime/UnityEngineDebugBindings.gen.cpp Line: 42)

Could not find FSM: line_of_sight_alert
 
(Filename: /home/builduser/buildslave/unity/build/artifacts/generated/common/runtime/UnityEngineDebugBindings.gen.cpp Line: 42)

FSM not Preprocessed: Piece Tute Pole A : rubble_push
 
(Filename: /home/builduser/buildslave/unity/build/artifacts/generated/common/runtime/UnityEngineDebugBindings.gen.cpp Line: 42)

FSM not Preprocessed: Piece Tute Pole D : rubble_push
 
(Filename: /home/builduser/buildslave/unity/build/artifacts/generated/common/runtime/UnityEngineDebugBindings.gen.cpp Line: 42)

FSM not Preprocessed: Piece Tute Pole C : rubble_push
 
(Filename: /home/builduser/buildslave/unity/build/artifacts/generated/common/runtime/UnityEngineDebugBindings.gen.cpp Line: 42)

FSM not Preprocessed: Piece Tute Pole B : rubble_push
 
(Filename: /home/builduser/buildslave/unity/build/artifacts/generated/common/runtime/UnityEngineDebugBindings.gen.cpp Line: 42)

FSM not Preprocessed: Piece Tute Pole E : rubble_push
 
(Filename: /home/builduser/buildslave/unity/build/artifacts/generated/common/runtime/UnityEngineDebugBindings.gen.cpp Line: 42)

FSM not Preprocessed: Piece Tute Pole E (1) : rubble_push
 
(Filename: /home/builduser/buildslave/unity/build/artifacts/generated/common/runtime/UnityEngineDebugBindings.gen.cpp Line: 42)

FSM not Preprocessed: Piece Tute Pole E (2) : rubble_push
 
(Filename: /home/builduser/buildslave/unity/build/artifacts/generated/common/runtime/UnityEngineDebugBindings.gen.cpp Line: 42)

FSM not Preprocessed: Piece Tute Pole E (3) : rubble_push
 
(Filename: /home/builduser/buildslave/unity/build/artifacts/generated/common/runtime/UnityEngineDebugBindings.gen.cpp Line: 42)

Could not find FSM: line_of_sight_alert
 
(Filename: /home/builduser/buildslave/unity/build/artifacts/generated/common/runtime/UnityEngineDebugBindings.gen.cpp Line: 42)

FSM not Preprocessed: Geo Small(Clone) : geo_control
 
(Filename: /home/builduser/buildslave/unity/build/artifacts/generated/common/runtime/UnityEngineDebugBindings.gen.cpp Line: 42)

FSM not Preprocessed: Geo Small(Clone) : geo_getter
 
(Filename: /home/builduser/buildslave/unity/build/artifacts/generated/common/runtime/UnityEngineDebugBindings.gen.cpp Line: 42)

FSM not Preprocessed: Geo Small(Clone) : geo_control
 
(Filename: /home/builduser/buildslave/unity/build/artifacts/generated/common/runtime/UnityEngineDebugBindings.gen.cpp Line: 42)

FSM not Preprocessed: Geo Small(Clone) : geo_getter
 
(Filename: /home/builduser/buildslave/unity/build/artifacts/generated/common/runtime/UnityEngineDebugBindings.gen.cpp Line: 42)

requesting resize 2560 x 1080
resizing window to 2560 x 1080
Desktop is 2560 x 1080 @ 60 Hz
requesting resize 2560 x 1080
Using native desktop resolution 2560 x 1080
requesting fullscreen 2560 x 1080 at 60 Hz
Desktop is 2560 x 1080 @ 60 Hz
requesting resize 2560 x 1080
resizing window to 2560 x 1080
Desktop is 2560 x 1080 @ 60 Hz
requesting resize 1920 x 1080
resizing window to 1920 x 1080
Desktop is 2560 x 1080 @ 60 Hz
requesting resize 2560 x 1080
Using native desktop resolution 2560 x 1080
requesting fullscreen 2560 x 1080 at 60 Hz
Desktop is 2560 x 1080 @ 60 Hz
FSM not Preprocessed: Health Scuttler(Clone) : health_scuttler
 
(Filename: /home/builduser/buildslave/unity/build/artifacts/generated/common/runtime/UnityEngineDebugBindings.gen.cpp Line: 42)

AddEventHandlerComponent: PlayMakerFixedUpdate
 
(Filename: /home/builduser/buildslave/unity/build/artifacts/generated/common/runtime/UnityEngineDebugBindings.gen.cpp Line: 42)

FSM not Preprocessed: Health Scuttler(Clone) : health_scuttler
 
(Filename: /home/builduser/buildslave/unity/build/artifacts/generated/common/runtime/UnityEngineDebugBindings.gen.cpp Line: 42)

AddEventHandlerComponent: PlayMakerFixedUpdate
 
(Filename: /home/builduser/buildslave/unity/build/artifacts/generated/common/runtime/UnityEngineDebugBindings.gen.cpp Line: 42)

Unloading 5 Unused Serialized files (Serialized files now loaded: 0)
UnloadTime: 28.324001 ms
NullReferenceException: Object reference not set to an instance of an object
  at HUDCamera.OnEnable () [0x00000] in <filename unknown>:0 
 
(Filename:  Line: -1)

DontDestroyOnLoad only work for root GameObjects or components on root GameObjects.
 
(Filename:  Line: 386)

NullReferenceException: Object reference not set to an instance of an object
  at UIButtonSkins.GetButtonSkinFor (HeroActionButton actionButton) [0x00000] in <filename unknown>:0 
  at ActionButtonIcon.GetButtonIcon (HeroActionButton actionButton) [0x00000] in <filename unknown>:0 
  at ActionButtonIcon.RefreshButtonIcon () [0x00000] in <filename unknown>:0 
  at ActionButtonIcon.OnEnable () [0x00000] in <filename unknown>:0 
 
(Filename:  Line: -1)

FSM not Preprocessed: Geo Sprite : Geo Sprite
 
(Filename: /home/builduser/buildslave/unity/build/artifacts/generated/common/runtime/UnityEngineDebugBindings.gen.cpp Line: 42)

AddEventHandlerComponent: PlayMakerFixedUpdate
 
(Filename: /home/builduser/buildslave/unity/build/artifacts/generated/common/runtime/UnityEngineDebugBindings.gen.cpp Line: 42)

FSM not Preprocessed: Charms : UI Charms
 
(Filename: /home/builduser/buildslave/unity/build/artifacts/generated/common/runtime/UnityEngineDebugBindings.gen.cpp Line: 42)


Unloading 1871 unused Assets to reduce memory usage. Loaded Objects now: 27564.
Total: 226.426010 ms (FindLiveObjects: 1.789000 ms CreateObjectMapping: 0.663000 ms MarkObjects: 219.824997 ms  DeleteObjects: 4.148000 ms)

Using default heap size setting
 
(Filename: /home/builduser/buildslave/unity/build/artifacts/generated/common/runtime/UnityEngineDebugBindings.gen.cpp Line: 42)

Setting up 3 worker threads for Enlighten.
  Thread -> id: 7f8ab505b700 -> priority: 1 
  Thread -> id: 7f8ab6fbf700 -> priority: 1 
  Thread -> id: 7f8ab485a700 -> priority: 1 
